#
# There is insufficient memory for the Java Runtime Environment to continue.
# Native memory allocation (malloc) failed to allocate 32744 bytes for ChunkPool::allocate
# Possible reasons:
#   The system is out of physical RAM or swap space
#   The process is running with CompressedOops enabled, and the Java Heap may be blocking the growth of the native heap
# Possible solutions:
#   Reduce memory load on the system
#   Increase physical memory or swap space
#   Check if swap backing store is full
#   Decrease Java heap size (-Xmx/-Xms)
#   Decrease number of Java threads
#   Decrease Java thread stack sizes (-Xss)
#   Set larger code cache with -XX:ReservedCodeCacheSize=
#   JVM is running with Zero Based Compressed Oops mode in which the Java heap is
#     placed in the first 32GB address space. The Java Heap base address is the
#     maximum limit for the native heap growth. Please use -XX:HeapBaseMinAddress
#     to set the Java Heap base and to place the Java Heap above 32GB virtual address.
# This output file may be truncated or incomplete.
#
#  Out of Memory Error (allocation.cpp:272), pid=14652, tid=0x00000000000023c8
#
# JRE version: Java(TM) SE Runtime Environment (8.0_281-b09) (build 1.8.0_281-b09)
# Java VM: Java HotSpot(TM) 64-Bit Server VM (25.281-b09 mixed mode windows-amd64 compressed oops)
# Failed to write core dump. Minidumps are not enabled by default on client versions of Windows
#

---------------  T H R E A D  ---------------

Current thread (0x000001ebcf41e800):  JavaThread "C2 CompilerThread0" daemon [_thread_in_native, id=9160, stack(0x0000005734000000,0x0000005734100000)]

Stack: [0x0000005734000000,0x0000005734100000]
Native frames: (J=compiled Java code, j=interpreted, Vv=VM code, C=native code)
V  [jvm.dll+0x32e5b9]
V  [jvm.dll+0x275012]
V  [jvm.dll+0x275cbd]
V  [jvm.dll+0x26c6f5]
V  [jvm.dll+0xd569d]
V  [jvm.dll+0xd59fc]
V  [jvm.dll+0x472950]
V  [jvm.dll+0x48b686]
V  [jvm.dll+0x4373f5]
V  [jvm.dll+0x4403d5]
V  [jvm.dll+0x43f795]
V  [jvm.dll+0x42a5e7]
V  [jvm.dll+0xabe9b]
V  [jvm.dll+0xaa4fb]
V  [jvm.dll+0x23d6b2]
V  [jvm.dll+0x291cbc]
C  [ucrtbase.dll+0x21bb2]
C  [KERNEL32.DLL+0x17034]
C  [ntdll.dll+0x52651]


Current CompileTask:
C2:  13859 6337       4       org.springframework.core.annotation.TypeMappedAnnotations::scan (62 bytes)


---------------  P R O C E S S  ---------------

Java Threads: ( => current thread )
  0x000001ebcf63e000 JavaThread "HikariPool-1 connection adder" daemon [_thread_blocked, id=11512, stack(0x0000005734d00000,0x0000005734e00000)]
  0x000001ebdd8fb000 JavaThread "HikariPool-1 housekeeper" daemon [_thread_blocked, id=3096, stack(0x0000005734c00000,0x0000005734d00000)]
  0x000001ebdb239800 JavaThread "mysql-cj-abandoned-connection-cleanup" daemon [_thread_blocked, id=4992, stack(0x0000005734a00000,0x0000005734b00000)]
  0x000001ebdb253000 JavaThread "container-0" [_thread_blocked, id=17240, stack(0x0000005734900000,0x0000005734a00000)]
  0x000001ebda0b9000 JavaThread "Catalina-utility-2" [_thread_blocked, id=2224, stack(0x0000005734800000,0x0000005734900000)]
  0x000001ebd8541800 JavaThread "Catalina-utility-1" [_thread_blocked, id=9820, stack(0x0000005734700000,0x0000005734800000)]
  0x000001ebcffa1000 JavaThread "ReaderThread" [_thread_in_native, id=13036, stack(0x0000005734600000,0x0000005734700000)]
  0x000001ebcf4e1800 JavaThread "Service Thread" daemon [_thread_blocked, id=16788, stack(0x0000005734400000,0x0000005734500000)]
  0x000001ebcf433800 JavaThread "C1 CompilerThread3" daemon [_thread_in_native, id=1040, stack(0x0000005734300000,0x0000005734400000)]
  0x000001ebcf42c800 JavaThread "C2 CompilerThread2" daemon [_thread_in_native, id=17320, stack(0x0000005734200000,0x0000005734300000)]
  0x000001ebcf428000 JavaThread "C2 CompilerThread1" daemon [_thread_in_native, id=17276, stack(0x0000005734100000,0x0000005734200000)]
=>0x000001ebcf41e800 JavaThread "C2 CompilerThread0" daemon [_thread_in_native, id=9160, stack(0x0000005734000000,0x0000005734100000)]
  0x000001ebcccdf800 JavaThread "JDWP Command Reader" daemon [_thread_in_native, id=17736, stack(0x0000005733f00000,0x0000005734000000)]
  0x000001ebcccd8800 JavaThread "JDWP Event Helper Thread" daemon [_thread_blocked, id=6280, stack(0x0000005733e00000,0x0000005733f00000)]
  0x000001ebccccf800 JavaThread "JDWP Transport Listener: dt_socket" daemon [_thread_blocked, id=17644, stack(0x0000005733d00000,0x0000005733e00000)]
  0x000001ebccca8800 JavaThread "Attach Listener" daemon [_thread_blocked, id=15500, stack(0x0000005733c00000,0x0000005733d00000)]
  0x000001ebcccaf800 JavaThread "Signal Dispatcher" daemon [_thread_blocked, id=17628, stack(0x0000005733b00000,0x0000005733c00000)]
  0x000001ebccc84000 JavaThread "Finalizer" daemon [_thread_blocked, id=5560, stack(0x0000005733a00000,0x0000005733b00000)]
  0x000001ebccc75000 JavaThread "Reference Handler" daemon [_thread_blocked, id=2300, stack(0x0000005733900000,0x0000005733a00000)]
  0x000001ebb4240000 JavaThread "main" [_thread_in_Java, id=4432, stack(0x0000005732f00000,0x0000005733000000)]

Other Threads:
  0x000001ebb42dc000 VMThread [stack: 0x0000005733800000,0x0000005733900000] [id=10060]
  0x000001ebcf51e000 WatcherThread [stack: 0x0000005734500000,0x0000005734600000] [id=17512]

VM state:not at safepoint (normal execution)

VM Mutex/Monitor currently owned by a thread: None

heap address: 0x0000000701c00000, size: 3044 MB, Compressed Oops mode: Zero based, Oop shift amount: 3
Narrow klass base: 0x0000000000000000, Narrow klass shift: 3
Compressed class space size: 1073741824 Address: 0x00000007c0000000

Heap:
 PSYoungGen      total 263168K, used 162465K [0x0000000780980000, 0x0000000792600000, 0x00000007c0000000)
  eden space 249344K, 65% used [0x0000000780980000,0x000000078a828620,0x000000078fd00000)
  from space 13824K, 0% used [0x0000000790a80000,0x0000000790a80000,0x0000000791800000)
  to   space 13824K, 0% used [0x000000078fd00000,0x000000078fd00000,0x0000000790a80000)
 ParOldGen       total 124416K, used 20738K [0x0000000701c00000, 0x0000000709580000, 0x0000000780980000)
  object space 124416K, 16% used [0x0000000701c00000,0x00000007030409d0,0x0000000709580000)
 Metaspace       used 62178K, capacity 66024K, committed 66264K, reserved 1105920K
  class space    used 8461K, capacity 9100K, committed 9216K, reserved 1048576K

Card table byte_map: [0x000001ebc50f0000,0x000001ebc56f0000] byte_map_base: 0x000001ebc18e2000

Marking Bits: (ParMarkBitMap*) 0x0000000051e06ff0
 Begin Bits: [0x000001ebc5af0000, 0x000001ebc8a80000)
 End Bits:   [0x000001ebc8a80000, 0x000001ebcba10000)

Polling page: 0x000001ebb4460000

CodeCache: size=245760Kb used=21902Kb max_used=22217Kb free=223857Kb
 bounds [0x000001ebb5d30000, 0x000001ebb7300000, 0x000001ebc4d30000]
 total_blobs=6292 nmethods=5757 adapters=454
 compilation: enabled

Compilation events (10 events):
Event: 13.816 Thread 0x000001ebcf433800 6445       2       java.util.Arrays$ArrayList::indexOf (62 bytes)
Event: 13.816 Thread 0x000001ebcf433800 nmethod 6445 0x000001ebb5fc6e90 code [0x000001ebb5fc7000, 0x000001ebb5fc72f0]
Event: 13.816 Thread 0x000001ebcf433800 6447       2       java.util.regex.Pattern$Ques::match (192 bytes)
Event: 13.816 Thread 0x000001ebcf433800 nmethod 6447 0x000001ebb6c10490 code [0x000001ebb6c10680, 0x000001ebb6c10ba0]
Event: 13.816 Thread 0x000001ebcf433800 6446       1       java.lang.Character::charValue (5 bytes)
Event: 13.817 Thread 0x000001ebcf433800 nmethod 6446 0x000001ebb6c5f010 code [0x000001ebb6c5f160, 0x000001ebb6c5f278]
Event: 13.829 Thread 0x000001ebcf433800 6448       2       java.lang.Character::equals (29 bytes)
Event: 13.829 Thread 0x000001ebcf433800 nmethod 6448 0x000001ebb608b210 code [0x000001ebb608b360, 0x000001ebb608b578]
Event: 13.830 Thread 0x000001ebcf433800 6449       1       java.util.regex.Pattern$All::isSatisfiedBy (2 bytes)
Event: 13.830 Thread 0x000001ebcf433800 nmethod 6449 0x000001ebb5e8ab90 code [0x000001ebb5e8ace0, 0x000001ebb5e8adf8]

GC Heap History (10 events):
Event: 9.551 GC heap before
{Heap before GC invocations=13 (full 2):
 PSYoungGen      total 183296K, used 173056K [0x0000000780980000, 0x000000078c880000, 0x00000007c0000000)
  eden space 173056K, 100% used [0x0000000780980000,0x000000078b280000,0x000000078b280000)
  from space 10240K, 0% used [0x000000078bc80000,0x000000078bc80000,0x000000078c680000)
  to   space 10240K, 0% used [0x000000078b280000,0x000000078b280000,0x000000078bc80000)
 ParOldGen       total 124416K, used 11569K [0x0000000701c00000, 0x0000000709580000, 0x0000000780980000)
  object space 124416K, 9% used [0x0000000701c00000,0x000000070274c5a8,0x0000000709580000)
 Metaspace       used 39774K, capacity 42622K, committed 42840K, reserved 1087488K
  class space    used 5173K, capacity 5645K, committed 5760K, reserved 1048576K
Event: 9.561 GC heap after
Heap after GC invocations=13 (full 2):
 PSYoungGen      total 183296K, used 9410K [0x0000000780980000, 0x000000078ed00000, 0x00000007c0000000)
  eden space 173056K, 0% used [0x0000000780980000,0x0000000780980000,0x000000078b280000)
  from space 10240K, 91% used [0x000000078b280000,0x000000078bbb0950,0x000000078bc80000)
  to   space 11264K, 0% used [0x000000078e200000,0x000000078e200000,0x000000078ed00000)
 ParOldGen       total 124416K, used 11577K [0x0000000701c00000, 0x0000000709580000, 0x0000000780980000)
  object space 124416K, 9% used [0x0000000701c00000,0x000000070274e5a8,0x0000000709580000)
 Metaspace       used 39774K, capacity 42622K, committed 42840K, reserved 1087488K
  class space    used 5173K, capacity 5645K, committed 5760K, reserved 1048576K
}
Event: 10.791 GC heap before
{Heap before GC invocations=14 (full 2):
 PSYoungGen      total 183296K, used 182466K [0x0000000780980000, 0x000000078ed00000, 0x00000007c0000000)
  eden space 173056K, 100% used [0x0000000780980000,0x000000078b280000,0x000000078b280000)
  from space 10240K, 91% used [0x000000078b280000,0x000000078bbb0950,0x000000078bc80000)
  to   space 11264K, 0% used [0x000000078e200000,0x000000078e200000,0x000000078ed00000)
 ParOldGen       total 124416K, used 11577K [0x0000000701c00000, 0x0000000709580000, 0x0000000780980000)
  object space 124416K, 9% used [0x0000000701c00000,0x000000070274e5a8,0x0000000709580000)
 Metaspace       used 46726K, capacity 49772K, committed 50008K, reserved 1093632K
  class space    used 6218K, capacity 6740K, committed 6784K, reserved 1048576K
Event: 10.802 GC heap after
Heap after GC invocations=14 (full 2):
 PSYoungGen      total 219648K, used 11234K [0x0000000780980000, 0x000000078ef00000, 0x00000007c0000000)
  eden space 208384K, 0% used [0x0000000780980000,0x0000000780980000,0x000000078d500000)
  from space 11264K, 99% used [0x000000078e200000,0x000000078ecf8858,0x000000078ed00000)
  to   space 13312K, 0% used [0x000000078d500000,0x000000078d500000,0x000000078e200000)
 ParOldGen       total 124416K, used 12518K [0x0000000701c00000, 0x0000000709580000, 0x0000000780980000)
  object space 124416K, 10% used [0x0000000701c00000,0x00000007028398d8,0x0000000709580000)
 Metaspace       used 46726K, capacity 49772K, committed 50008K, reserved 1093632K
  class space    used 6218K, capacity 6740K, committed 6784K, reserved 1048576K
}
Event: 12.175 GC heap before
{Heap before GC invocations=15 (full 2):
 PSYoungGen      total 219648K, used 219618K [0x0000000780980000, 0x000000078ef00000, 0x00000007c0000000)
  eden space 208384K, 100% used [0x0000000780980000,0x000000078d500000,0x000000078d500000)
  from space 11264K, 99% used [0x000000078e200000,0x000000078ecf8858,0x000000078ed00000)
  to   space 13312K, 0% used [0x000000078d500000,0x000000078d500000,0x000000078e200000)
 ParOldGen       total 124416K, used 12518K [0x0000000701c00000, 0x0000000709580000, 0x0000000780980000)
  object space 124416K, 10% used [0x0000000701c00000,0x00000007028398d8,0x0000000709580000)
 Metaspace       used 55388K, capacity 58544K, committed 58840K, reserved 1099776K
  class space    used 7516K, capacity 8086K, committed 8192K, reserved 1048576K
Event: 12.189 GC heap after
Heap after GC invocations=15 (full 2):
 PSYoungGen      total 221696K, used 10158K [0x0000000780980000, 0x0000000791800000, 0x00000007c0000000)
  eden space 208384K, 0% used [0x0000000780980000,0x0000000780980000,0x000000078d500000)
  from space 13312K, 76% used [0x000000078d500000,0x000000078deebb08,0x000000078e200000)
  to   space 13824K, 0% used [0x0000000790a80000,0x0000000790a80000,0x0000000791800000)
 ParOldGen       total 124416K, used 18930K [0x0000000701c00000, 0x0000000709580000, 0x0000000780980000)
  object space 124416K, 15% used [0x0000000701c00000,0x0000000702e7c828,0x0000000709580000)
 Metaspace       used 55388K, capacity 58544K, committed 58840K, reserved 1099776K
  class space    used 7516K, capacity 8086K, committed 8192K, reserved 1048576K
}
Event: 12.274 GC heap before
{Heap before GC invocations=16 (full 2):
 PSYoungGen      total 221696K, used 24840K [0x0000000780980000, 0x0000000791800000, 0x00000007c0000000)
  eden space 208384K, 7% used [0x0000000780980000,0x00000007817d6598,0x000000078d500000)
  from space 13312K, 76% used [0x000000078d500000,0x000000078deebb08,0x000000078e200000)
  to   space 13824K, 0% used [0x0000000790a80000,0x0000000790a80000,0x0000000791800000)
 ParOldGen       total 124416K, used 18930K [0x0000000701c00000, 0x0000000709580000, 0x0000000780980000)
  object space 124416K, 15% used [0x0000000701c00000,0x0000000702e7c828,0x0000000709580000)
 Metaspace       used 55809K, capacity 58946K, committed 59028K, reserved 1099776K
  class space    used 7590K, capacity 8153K, committed 8192K, reserved 1048576K
Event: 12.278 GC heap after
Heap after GC invocations=16 (full 2):
 PSYoungGen      total 263168K, used 3966K [0x0000000780980000, 0x0000000792600000, 0x00000007c0000000)
  eden space 249344K, 0% used [0x0000000780980000,0x0000000780980000,0x000000078fd00000)
  from space 13824K, 28% used [0x0000000790a80000,0x0000000790e5f8f0,0x0000000791800000)
  to   space 13824K, 0% used [0x000000078fd00000,0x000000078fd00000,0x0000000790a80000)
 ParOldGen       total 124416K, used 18938K [0x0000000701c00000, 0x0000000709580000, 0x0000000780980000)
  object space 124416K, 15% used [0x0000000701c00000,0x0000000702e7e828,0x0000000709580000)
 Metaspace       used 55809K, capacity 58946K, committed 59028K, reserved 1099776K
  class space    used 7590K, capacity 8153K, committed 8192K, reserved 1048576K
}
Event: 12.278 GC heap before
{Heap before GC invocations=17 (full 3):
 PSYoungGen      total 263168K, used 3966K [0x0000000780980000, 0x0000000792600000, 0x00000007c0000000)
  eden space 249344K, 0% used [0x0000000780980000,0x0000000780980000,0x000000078fd00000)
  from space 13824K, 28% used [0x0000000790a80000,0x0000000790e5f8f0,0x0000000791800000)
  to   space 13824K, 0% used [0x000000078fd00000,0x000000078fd00000,0x0000000790a80000)
 ParOldGen       total 124416K, used 18938K [0x0000000701c00000, 0x0000000709580000, 0x0000000780980000)
  object space 124416K, 15% used [0x0000000701c00000,0x0000000702e7e828,0x0000000709580000)
 Metaspace       used 55809K, capacity 58946K, committed 59028K, reserved 1099776K
  class space    used 7590K, capacity 8153K, committed 8192K, reserved 1048576K
Event: 12.438 GC heap after
Heap after GC invocations=17 (full 3):
 PSYoungGen      total 263168K, used 0K [0x0000000780980000, 0x0000000792600000, 0x00000007c0000000)
  eden space 249344K, 0% used [0x0000000780980000,0x0000000780980000,0x000000078fd00000)
  from space 13824K, 0% used [0x0000000790a80000,0x0000000790a80000,0x0000000791800000)
  to   space 13824K, 0% used [0x000000078fd00000,0x000000078fd00000,0x0000000790a80000)
 ParOldGen       total 124416K, used 20738K [0x0000000701c00000, 0x0000000709580000, 0x0000000780980000)
  object space 124416K, 16% used [0x0000000701c00000,0x00000007030409d0,0x0000000709580000)
 Metaspace       used 55809K, capacity 58946K, committed 59028K, reserved 1099776K
  class space    used 7590K, capacity 8153K, committed 8192K, reserved 1048576K
}

Deoptimization events (10 events):
Event: 13.824 Thread 0x000001ebb4240000 Uncommon trap: reason=unhandled action=none pc=0x000001ebb5e9f7e0 method=java.net.URLClassLoader.findClass(Ljava/lang/String;)Ljava/lang/Class; @ 44
Event: 13.824 Thread 0x000001ebb4240000 Uncommon trap: reason=unhandled action=none pc=0x000001ebb5e9f7e0 method=java.net.URLClassLoader.findClass(Ljava/lang/String;)Ljava/lang/Class; @ 44
Event: 13.825 Thread 0x000001ebb4240000 Uncommon trap: reason=unhandled action=none pc=0x000001ebb5e9f7e0 method=java.net.URLClassLoader.findClass(Ljava/lang/String;)Ljava/lang/Class; @ 44
Event: 13.825 Thread 0x000001ebb4240000 Uncommon trap: reason=unhandled action=none pc=0x000001ebb5e9f7e0 method=java.net.URLClassLoader.findClass(Ljava/lang/String;)Ljava/lang/Class; @ 44
Event: 13.826 Thread 0x000001ebb4240000 Uncommon trap: reason=unhandled action=none pc=0x000001ebb5e9f7e0 method=java.net.URLClassLoader.findClass(Ljava/lang/String;)Ljava/lang/Class; @ 44
Event: 13.827 Thread 0x000001ebb4240000 Uncommon trap: reason=unhandled action=none pc=0x000001ebb5e9f7e0 method=java.net.URLClassLoader.findClass(Ljava/lang/String;)Ljava/lang/Class; @ 44
Event: 13.828 Thread 0x000001ebb4240000 Uncommon trap: reason=unhandled action=none pc=0x000001ebb5e9f7e0 method=java.net.URLClassLoader.findClass(Ljava/lang/String;)Ljava/lang/Class; @ 44
Event: 13.830 Thread 0x000001ebb4240000 Uncommon trap: reason=unhandled action=none pc=0x000001ebb5e9f7e0 method=java.net.URLClassLoader.findClass(Ljava/lang/String;)Ljava/lang/Class; @ 44
Event: 13.830 Thread 0x000001ebb4240000 Uncommon trap: reason=unhandled action=none pc=0x000001ebb5e9f7e0 method=java.net.URLClassLoader.findClass(Ljava/lang/String;)Ljava/lang/Class; @ 44
Event: 13.831 Thread 0x000001ebb4240000 Uncommon trap: reason=unhandled action=none pc=0x000001ebb5e9f7e0 method=java.net.URLClassLoader.findClass(Ljava/lang/String;)Ljava/lang/Class; @ 44

Classes redefined (0 events):
No events

Internal exceptions (10 events):
Event: 13.441 Thread 0x000001ebb4240000 Exception <a 'java/lang/ArrayIndexOutOfBoundsException': 55> (0x0000000787a5de20) thrown at [C:\jenkins\workspace\8-2-build-windows-amd64-cygwin\jdk8u281\880\hotspot\src\share\vm\interpreter\interpreterRuntime.cpp, line 371]
Event: 13.636 Thread 0x000001ebb4240000 Exception <a 'java/lang/ClassNotFoundException': java/lang/ObjectCustomizer> (0x0000000788dd3710) thrown at [C:\jenkins\workspace\8-2-build-windows-amd64-cygwin\jdk8u281\880\hotspot\src\share\vm\classfile\systemDictionary.cpp, line 212]
Event: 13.637 Thread 0x000001ebb4240000 Exception <a 'java/lang/ClassNotFoundException': acme/framework/entities/AbstractEntityCustomizer> (0x0000000788e026b0) thrown at [C:\jenkins\workspace\8-2-build-windows-amd64-cygwin\jdk8u281\880\hotspot\src\share\vm\classfile\systemDictionary.cpp, line 2
Event: 13.642 Thread 0x000001ebb4240000 Exception <a 'java/lang/NoSuchMethodError': java.lang.Object.lambda$of$0([Ljava/lang/Object;)Ljava/util/Iterator;> (0x0000000788ea4ad0) thrown at [C:\jenkins\workspace\8-2-build-windows-amd64-cygwin\jdk8u281\880\hotspot\src\share\vm\interpreter\linkResolv
Event: 13.658 Thread 0x000001ebb4240000 Exception <a 'java/lang/NoSuchMethodError': java.lang.Object.fromNullable(Ljava/lang/Object;)Ljava/util/stream/Stream;> (0x0000000788fe25b0) thrown at [C:\jenkins\workspace\8-2-build-windows-amd64-cygwin\jdk8u281\880\hotspot\src\share\vm\interpreter\linkR
Event: 13.677 Thread 0x000001ebb4240000 Exception <a 'java/lang/NoSuchMethodError': java.lang.Object.lambda$direct$0(Lorg/springframework/data/repository/core/support/MethodLookup$InvokedMethod;Ljava/lang/reflect/Method;)Z> (0x000000078910d608) thrown at [C:\jenkins\workspace\8-2-build-windows-
Event: 13.678 Thread 0x000001ebb4240000 Exception <a 'java/lang/NoSuchMethodError': java.lang.Object.lambda$direct$1(Lorg/springframework/data/repository/core/support/MethodLookup$MethodPredicate;)Ljava/util/List;> (0x0000000789110ba0) thrown at [C:\jenkins\workspace\8-2-build-windows-amd64-cyg
Event: 13.681 Thread 0x000001ebb4240000 Exception <a 'java/lang/NoSuchMethodError': java.lang.Object.lambda$and$0(Lorg/springframework/data/repository/core/support/MethodLookup;)Ljava/util/List;> (0x000000078914b758) thrown at [C:\jenkins\workspace\8-2-build-windows-amd64-cygwin\jdk8u281\880\ho
Event: 13.692 Thread 0x000001ebb4240000 Exception <a 'java/lang/IncompatibleClassChangeError': Found class java.lang.Object, but interface was expected> (0x00000007892a6cf8) thrown at [C:\jenkins\workspace\8-2-build-windows-amd64-cygwin\jdk8u281\880\hotspot\src\share\vm\interpreter\linkResolver
Event: 13.782 Thread 0x000001ebb4240000 Exception <a 'java/lang/ArrayIndexOutOfBoundsException': 59> (0x0000000789cfb470) thrown at [C:\jenkins\workspace\8-2-build-windows-amd64-cygwin\jdk8u281\880\hotspot\src\share\vm\interpreter\interpreterRuntime.cpp, line 371]

Events (10 events):
Event: 13.830 Thread 0x000001ebb4240000 DEOPT UNPACKING pc=0x000001ebb5d75843 sp=0x0000005732ff9738 mode 2
Event: 13.830 Thread 0x000001ebb4240000 DEOPT PACKING pc=0x000001ebb6ea0188 sp=0x0000005732ff97e0
Event: 13.830 Thread 0x000001ebb4240000 DEOPT UNPACKING pc=0x000001ebb5d77898 sp=0x0000005732ff9408 mode 1
Event: 13.831 loading class org/hibernate/query/internal/AbstractProducedQuery
Event: 13.831 loading class org/hibernate/query/internal/AbstractProducedQuery done
Event: 13.831 Thread 0x000001ebb4240000 Uncommon trap: trap_request=0xffffffa7 fr.pc=0x000001ebb5e9f7e0
Event: 13.831 Thread 0x000001ebb4240000 DEOPT PACKING pc=0x000001ebb5e9f7e0 sp=0x0000005732ff71d0
Event: 13.831 Thread 0x000001ebb4240000 DEOPT UNPACKING pc=0x000001ebb5d75843 sp=0x0000005732ff7168 mode 2
Event: 13.831 Thread 0x000001ebb4240000 DEOPT PACKING pc=0x000001ebb6ea0188 sp=0x0000005732ff7210
Event: 13.831 Thread 0x000001ebb4240000 DEOPT UNPACKING pc=0x000001ebb5d77898 sp=0x0000005732ff6e38 mode 1


Dynamic libraries:
0x00007ff714290000 - 0x00007ff7142d7000 	C:\Program Files\Java\jdk1.8.0_281\bin\javaw.exe
0x00007ff8969f0000 - 0x00007ff896be5000 	C:\WINDOWS\SYSTEM32\ntdll.dll
0x00007ff8958f0000 - 0x00007ff8959ae000 	C:\WINDOWS\System32\KERNEL32.DLL
0x00007ff894780000 - 0x00007ff894a48000 	C:\WINDOWS\System32\KERNELBASE.dll
0x00007ff895170000 - 0x00007ff89521e000 	C:\WINDOWS\System32\ADVAPI32.dll
0x00007ff894b30000 - 0x00007ff894bce000 	C:\WINDOWS\System32\msvcrt.dll
0x00007ff896640000 - 0x00007ff8966dc000 	C:\WINDOWS\System32\sechost.dll
0x00007ff895040000 - 0x00007ff895165000 	C:\WINDOWS\System32\RPCRT4.dll
0x00007ff895220000 - 0x00007ff8953c0000 	C:\WINDOWS\System32\USER32.dll
0x00007ff8946a0000 - 0x00007ff8946c2000 	C:\WINDOWS\System32\win32u.dll
0x00007ff8959b0000 - 0x00007ff8959da000 	C:\WINDOWS\System32\GDI32.dll
0x00007ff8942a0000 - 0x00007ff8943ab000 	C:\WINDOWS\System32\gdi32full.dll
0x00007ff894580000 - 0x00007ff89461d000 	C:\WINDOWS\System32\msvcp_win.dll
0x00007ff894110000 - 0x00007ff894210000 	C:\WINDOWS\System32\ucrtbase.dll
0x00007ff876870000 - 0x00007ff876b0a000 	C:\WINDOWS\WinSxS\amd64_microsoft.windows.common-controls_6595b64144ccf1df_6.0.19041.1110_none_60b5254171f9507e\COMCTL32.dll
0x00007ff895d10000 - 0x00007ff895d40000 	C:\WINDOWS\System32\IMM32.DLL
0x00007ff8721b0000 - 0x00007ff8721c5000 	C:\Program Files\Java\jdk1.8.0_281\jre\bin\vcruntime140.dll
0x00007ff84d900000 - 0x00007ff84d99b000 	C:\Program Files\Java\jdk1.8.0_281\jre\bin\msvcp140.dll
0x0000000051620000 - 0x0000000051e7f000 	C:\Program Files\Java\jdk1.8.0_281\jre\bin\server\jvm.dll
0x00007ff894a50000 - 0x00007ff894a58000 	C:\WINDOWS\System32\PSAPI.DLL
0x00007ff86c950000 - 0x00007ff86c959000 	C:\WINDOWS\SYSTEM32\WSOCK32.dll
0x00007ff88ce50000 - 0x00007ff88ce5a000 	C:\WINDOWS\SYSTEM32\VERSION.dll
0x00007ff887780000 - 0x00007ff8877a7000 	C:\WINDOWS\SYSTEM32\WINMM.dll
0x00007ff8959e0000 - 0x00007ff895a4b000 	C:\WINDOWS\System32\WS2_32.dll
0x00007ff8929c0000 - 0x00007ff8929d2000 	C:\WINDOWS\SYSTEM32\kernel.appcore.dll
0x00007ff873130000 - 0x00007ff873140000 	C:\Program Files\Java\jdk1.8.0_281\jre\bin\verify.dll
0x00007ff865b70000 - 0x00007ff865b9b000 	C:\Program Files\Java\jdk1.8.0_281\jre\bin\java.dll
0x00007ff88db80000 - 0x00007ff88dbb6000 	C:\Program Files\Java\jdk1.8.0_281\jre\bin\jdwp.dll
0x00007ff88efe0000 - 0x00007ff88efe9000 	C:\Program Files\Java\jdk1.8.0_281\jre\bin\npt.dll
0x00007ff88db50000 - 0x00007ff88db80000 	C:\Program Files\Java\jdk1.8.0_281\jre\bin\instrument.dll
0x00007ff865b50000 - 0x00007ff865b68000 	C:\Program Files\Java\jdk1.8.0_281\jre\bin\zip.dll
0x00007ff895ef0000 - 0x00007ff896634000 	C:\WINDOWS\System32\SHELL32.dll
0x00007ff892210000 - 0x00007ff8929a4000 	C:\WINDOWS\SYSTEM32\windows.storage.dll
0x00007ff894bd0000 - 0x00007ff894f24000 	C:\WINDOWS\System32\combase.dll
0x00007ff893b80000 - 0x00007ff893bac000 	C:\WINDOWS\SYSTEM32\Wldp.dll
0x00007ff8953c0000 - 0x00007ff89546d000 	C:\WINDOWS\System32\SHCORE.dll
0x00007ff894fe0000 - 0x00007ff895035000 	C:\WINDOWS\System32\shlwapi.dll
0x00007ff894050000 - 0x00007ff89406f000 	C:\WINDOWS\SYSTEM32\profapi.dll
0x00007ff88d7d0000 - 0x00007ff88d7da000 	C:\Program Files\Java\jdk1.8.0_281\jre\bin\dt_socket.dll
0x00007ff85fc70000 - 0x00007ff85fc87000 	C:\WINDOWS\system32\napinsp.dll
0x00007ff85fc50000 - 0x00007ff85fc6b000 	C:\WINDOWS\system32\pnrpnsp.dll
0x00007ff85fc30000 - 0x00007ff85fc45000 	C:\WINDOWS\system32\wshbth.dll
0x00007ff88ebe0000 - 0x00007ff88ebfd000 	C:\WINDOWS\system32\NLAapi.dll
0x00007ff893580000 - 0x00007ff8935bb000 	C:\WINDOWS\SYSTEM32\IPHLPAPI.DLL
0x00007ff8938e0000 - 0x00007ff89394a000 	C:\WINDOWS\System32\mswsock.dll
0x00007ff8935c0000 - 0x00007ff89368b000 	C:\WINDOWS\SYSTEM32\DNSAPI.dll
0x00007ff8966e0000 - 0x00007ff8966e8000 	C:\WINDOWS\System32\NSI.dll
0x00007ff85fc10000 - 0x00007ff85fc22000 	C:\WINDOWS\System32\winrnr.dll
0x00007ff885ff0000 - 0x00007ff88606f000 	C:\WINDOWS\System32\fwpuclnt.dll
0x00007ff894620000 - 0x00007ff894647000 	C:\WINDOWS\System32\bcrypt.dll
0x00007ff87d370000 - 0x00007ff87d37a000 	C:\Windows\System32\rasadhlp.dll
0x00007ff8658c0000 - 0x00007ff8658dc000 	C:\Program Files\Java\jdk1.8.0_281\jre\bin\net.dll
0x00007ff8658a0000 - 0x00007ff8658b3000 	C:\Program Files\Java\jdk1.8.0_281\jre\bin\nio.dll
0x00007ff8704d0000 - 0x00007ff8704dd000 	C:\Program Files\Java\jdk1.8.0_281\jre\bin\management.dll
0x00007ff893ae0000 - 0x00007ff893af8000 	C:\WINDOWS\SYSTEM32\CRYPTSP.dll
0x00007ff8931f0000 - 0x00007ff893224000 	C:\WINDOWS\system32\rsaenh.dll
0x00007ff894010000 - 0x00007ff89403e000 	C:\WINDOWS\SYSTEM32\USERENV.dll
0x00007ff894210000 - 0x00007ff894292000 	C:\WINDOWS\System32\bcryptprimitives.dll
0x00007ff893ad0000 - 0x00007ff893adc000 	C:\WINDOWS\SYSTEM32\CRYPTBASE.dll
0x00007ff889f10000 - 0x00007ff889f27000 	C:\WINDOWS\SYSTEM32\dhcpcsvc6.DLL
0x00007ff88abc0000 - 0x00007ff88abdd000 	C:\WINDOWS\SYSTEM32\dhcpcsvc.DLL
0x00007ff863f30000 - 0x00007ff863f54000 	C:\Program Files\Java\jdk1.8.0_281\jre\bin\sunec.dll
0x00007ff86fe70000 - 0x00007ff86fe7d000 	C:\Program Files\Java\jdk1.8.0_281\jre\bin\sunmscapi.dll
0x00007ff8943b0000 - 0x00007ff894506000 	C:\WINDOWS\System32\CRYPT32.dll
0x00007ff893bf0000 - 0x00007ff893c17000 	C:\WINDOWS\SYSTEM32\ncrypt.dll
0x00007ff893bb0000 - 0x00007ff893beb000 	C:\WINDOWS\SYSTEM32\NTASN1.dll
0x00007ff891f40000 - 0x00007ff892124000 	C:\WINDOWS\SYSTEM32\dbghelp.dll

VM Arguments:
jvm_args: -agentlib:jdwp=transport=dt_socket,suspend=y,address=localhost:60492 -ea -ea -javaagent:D:\antom\ESCRITORIO\TERCER CURSO\SEGUNDO CUATRIMESTRE\DP-2\Workspace-22.0\Tools\IDEs\eclipse-jee-2021-12-R\configuration\org.eclipse.osgi\418\0\.cp\lib\javaagent-shaded.jar -Dfile.encoding=utf-8 
java_command: org.eclipse.jdt.internal.junit.runner.RemoteTestRunner -version 3 -port 60491 -testLoaderClass org.eclipse.jdt.internal.junit5.runner.JUnit5TestLoader -loaderpluginname org.eclipse.jdt.junit5.runtime -packageNameFile C:\Users\antho\AppData\Local\Temp\packageNames2573129243427357107.txt
java_class_path (initial): D:\antom\ESCRITORIO\TERCER CURSO\SEGUNDO CUATRIMESTRE\DP-2\Workspace-22.0\Projects\Acme-Toolkits\target\test-classes;D:\antom\ESCRITORIO\TERCER CURSO\SEGUNDO CUATRIMESTRE\DP-2\Workspace-22.0\Projects\Acme-Toolkits\target\classes;D:\antom\ESCRITORIO\TERCER CURSO\SEGUNDO CUATRIMESTRE\DP-2\Workspace-22.0\Frameworks\Acme-Framework-22.3\target\classes;D:\antom\ESCRITORIO\TERCER CURSO\SEGUNDO CUATRIMESTRE\DP-2\Workspace-22.0\Frameworks\Acme-Framework-22.3\target\test-classes;C:\Users\antho\.m2\repository\org\springframework\boot\spring-boot-starter-tomcat\2.4.2\spring-boot-starter-tomcat-2.4.2.jar;C:\Users\antho\.m2\repository\jakarta\annotation\jakarta.annotation-api\1.3.5\jakarta.annotation-api-1.3.5.jar;C:\Users\antho\.m2\repository\org\apache\tomcat\embed\tomcat-embed-core\9.0.41\tomcat-embed-core-9.0.41.jar;C:\Users\antho\.m2\repository\org\glassfish\jakarta.el\3.0.3\jakarta.el-3.0.3.jar;C:\Users\antho\.m2\repository\org\apache\tomcat\embed\tomcat-embed-websocket\9.0.41\tomcat-embed-websocket-9.0.41.jar;C:\Users\antho\.m2\repository\org\apache\tomcat\embed\tomcat-embed-jasper\9.0.41\tomcat-embed-jasper-9.0.41.jar;C:\Users\antho\.m2\repository\org\apache\tomcat\embed\tomcat-embed-el\9.0.41\tomcat-embed-el-9.0.41.jar;C:\Users\antho\.m2\repository\org\eclipse\jdt\ecj\3.18.0\ecj-3.18.0.jar;C:\Users\antho\.m2\repository\javax\servlet\jstl\1.2\jstl-1.2.jar;C:\Users\antho\.m2\repository\org\springframework\boot\spring-boot-starter-test\2.4.2\spring-boot-starter-test-2.4.2.jar;C:\Users\antho\.m2\repository\org\springframework\boot\spring-boot-starter\2.4.2\spring-boot-starter-2.4.2.jar;C:\Users\antho\.m2\repository\org\springframework\boot\spring-boot\2.4.2\spring-boot-2.4.2.jar;C:\Users\antho\.m2\repository\org\springframework\boot\spring-boot-autoconfigure\2.4.2\spring-boot-autoconfigure-2.4.2.jar;C:\Users\antho\.m2\repository\org\springframework\boot\spring-boot-starter-logging\2.4.2\spring-boot-starter-logging-2.4.2.jar;C:\Users\antho\.m2\rep
Launcher Type: SUN_STANDARD

Environment Variables:
JAVA_HOME=C:\Program Files\Java\jdk1.8.0_281
USERNAME=antho
OS=Windows_NT
PROCESSOR_IDENTIFIER=Intel64 Family 6 Model 158 Stepping 9, GenuineIntel



---------------  S Y S T E M  ---------------

OS: Windows 10.0 , 64 bit Build 19041 (10.0.19041.1645)

CPU:total 8 (initial active 8) (4 cores per cpu, 2 threads per core) family 6 model 158 stepping 9, cmov, cx8, fxsr, mmx, sse, sse2, sse3, ssse3, sse4.1, sse4.2, popcnt, avx, avx2, aes, clmul, erms, 3dnowpref, lzcnt, ht, tsc, tscinvbit, bmi1, bmi2, adx

Memory: 4k page, physical 12462748k(3158168k free), swap 13511324k(5232k free)

vm_info: Java HotSpot(TM) 64-Bit Server VM (25.281-b09) for windows-amd64 JRE (1.8.0_281-b09), built on Dec  9 2020 13:54:07 by "" with MS VC++ 15.9 (VS2017)

time: Tue Apr 19 18:45:00 2022
timezone: Hora de verano romance
elapsed time: 13.866952 seconds (0d 0h 0m 13s)

