2022-02-17 12:18:43.652 INFO  [acme.Launcher@main] Starting Launcher using Java 1.8.0_281 on jvega-PC with PID 8256 (C:\Users\jvega\Workspace-22.0\Frameworks\Acme-Framework-22.0\target\classes started by jvega in C:\Users\jvega\Workspace-22.0\Starters\Hello-World-22.0) 
2022-02-17 12:18:43.653 DEBUG [acme.Launcher@main] Running with Spring Boot v2.4.2, Spring v5.3.3 
2022-02-17 12:18:43.654 INFO  [acme.Launcher@main] The following profiles are active: development,populator 
2022-02-17 12:18:48.805 DEBUG [org.apache.jasper.servlet.JasperInitializer@main] Initializing Jasper for context [application] 
2022-02-17 12:18:58.178 DEBUG [org.apache.jasper.servlet.JspServlet@main] Scratch dir for the JSP engine is: [C:\Users\jvega\AppData\Local\Temp\tomcat.8083.6535315846354578208\work\Tomcat\localhost\hello-world-22.0] 
2022-02-17 12:18:58.180 DEBUG [org.apache.jasper.servlet.JspServlet@main] IMPORTANT: Do not modify the generated servlets 
2022-02-17 12:18:58.226 INFO  [acme.Launcher@main] Started Launcher in 15.794 seconds (JVM running for 17.174) 
2022-02-17 12:18:58.250 DEBUG [acme.Launcher@main] Found classpath entry '/C:/Users/jvega/Workspace-22.0/Starters/Hello-World-22.0/target/classes/' 
2022-02-17 12:18:58.252 DEBUG [acme.Launcher@main] Found classpath entry '/C:/Users/jvega/Workspace-22.0/Starters/Hello-World-22.0/target/test-classes/' 
2022-02-17 12:18:58.253 DEBUG [acme.Launcher@main] Found classpath entry '/C:/Users/jvega/.m2/repository/org/springframework/boot/spring-boot-starter-tomcat/2.4.2/spring-boot-starter-tomcat-2.4.2.jar' 
2022-02-17 12:18:58.254 DEBUG [acme.Launcher@main] Found classpath entry '/C:/Users/jvega/.m2/repository/jakarta/annotation/jakarta.annotation-api/1.3.5/jakarta.annotation-api-1.3.5.jar' 
2022-02-17 12:18:58.255 DEBUG [acme.Launcher@main] Found classpath entry '/C:/Users/jvega/.m2/repository/org/apache/tomcat/embed/tomcat-embed-core/9.0.41/tomcat-embed-core-9.0.41.jar' 
2022-02-17 12:18:58.257 DEBUG [acme.Launcher@main] Found classpath entry '/C:/Users/jvega/.m2/repository/org/glassfish/jakarta.el/3.0.3/jakarta.el-3.0.3.jar' 
2022-02-17 12:18:58.258 DEBUG [acme.Launcher@main] Found classpath entry '/C:/Users/jvega/.m2/repository/org/apache/tomcat/embed/tomcat-embed-websocket/9.0.41/tomcat-embed-websocket-9.0.41.jar' 
2022-02-17 12:18:58.260 DEBUG [acme.Launcher@main] Found classpath entry '/C:/Users/jvega/.m2/repository/org/apache/tomcat/embed/tomcat-embed-jasper/9.0.41/tomcat-embed-jasper-9.0.41.jar' 
2022-02-17 12:18:58.261 DEBUG [acme.Launcher@main] Found classpath entry '/C:/Users/jvega/.m2/repository/org/apache/tomcat/embed/tomcat-embed-el/9.0.41/tomcat-embed-el-9.0.41.jar' 
2022-02-17 12:18:58.262 DEBUG [acme.Launcher@main] Found classpath entry '/C:/Users/jvega/.m2/repository/org/eclipse/jdt/ecj/3.18.0/ecj-3.18.0.jar' 
2022-02-17 12:18:58.263 DEBUG [acme.Launcher@main] Found classpath entry '/C:/Users/jvega/.m2/repository/javax/servlet/jstl/1.2/jstl-1.2.jar' 
2022-02-17 12:18:58.263 DEBUG [acme.Launcher@main] Found classpath entry '/C:/Users/jvega/.m2/repository/org/springframework/boot/spring-boot-starter-test/2.4.2/spring-boot-starter-test-2.4.2.jar' 
2022-02-17 12:18:58.264 DEBUG [acme.Launcher@main] Found classpath entry '/C:/Users/jvega/.m2/repository/org/springframework/boot/spring-boot-starter/2.4.2/spring-boot-starter-2.4.2.jar' 
2022-02-17 12:18:58.265 DEBUG [acme.Launcher@main] Found classpath entry '/C:/Users/jvega/.m2/repository/org/springframework/boot/spring-boot/2.4.2/spring-boot-2.4.2.jar' 
2022-02-17 12:18:58.266 DEBUG [acme.Launcher@main] Found classpath entry '/C:/Users/jvega/.m2/repository/org/springframework/boot/spring-boot-autoconfigure/2.4.2/spring-boot-autoconfigure-2.4.2.jar' 
2022-02-17 12:18:58.267 DEBUG [acme.Launcher@main] Found classpath entry '/C:/Users/jvega/.m2/repository/org/springframework/boot/spring-boot-starter-logging/2.4.2/spring-boot-starter-logging-2.4.2.jar' 
2022-02-17 12:18:58.268 DEBUG [acme.Launcher@main] Found classpath entry '/C:/Users/jvega/.m2/repository/ch/qos/logback/logback-classic/1.2.3/logback-classic-1.2.3.jar' 
2022-02-17 12:18:58.269 DEBUG [acme.Launcher@main] Found classpath entry '/C:/Users/jvega/.m2/repository/ch/qos/logback/logback-core/1.2.3/logback-core-1.2.3.jar' 
2022-02-17 12:18:58.270 DEBUG [acme.Launcher@main] Found classpath entry '/C:/Users/jvega/.m2/repository/org/apache/logging/log4j/log4j-to-slf4j/2.13.3/log4j-to-slf4j-2.13.3.jar' 
2022-02-17 12:18:58.271 DEBUG [acme.Launcher@main] Found classpath entry '/C:/Users/jvega/.m2/repository/org/apache/logging/log4j/log4j-api/2.13.3/log4j-api-2.13.3.jar' 
2022-02-17 12:18:58.271 DEBUG [acme.Launcher@main] Found classpath entry '/C:/Users/jvega/.m2/repository/org/slf4j/jul-to-slf4j/1.7.30/jul-to-slf4j-1.7.30.jar' 
2022-02-17 12:18:58.272 DEBUG [acme.Launcher@main] Found classpath entry '/C:/Users/jvega/.m2/repository/org/yaml/snakeyaml/1.27/snakeyaml-1.27.jar' 
2022-02-17 12:18:58.273 DEBUG [acme.Launcher@main] Found classpath entry '/C:/Users/jvega/.m2/repository/org/springframework/boot/spring-boot-test/2.4.2/spring-boot-test-2.4.2.jar' 
2022-02-17 12:18:58.274 DEBUG [acme.Launcher@main] Found classpath entry '/C:/Users/jvega/.m2/repository/org/springframework/boot/spring-boot-test-autoconfigure/2.4.2/spring-boot-test-autoconfigure-2.4.2.jar' 
2022-02-17 12:18:58.275 DEBUG [acme.Launcher@main] Found classpath entry '/C:/Users/jvega/.m2/repository/com/jayway/jsonpath/json-path/2.4.0/json-path-2.4.0.jar' 
2022-02-17 12:18:58.276 DEBUG [acme.Launcher@main] Found classpath entry '/C:/Users/jvega/.m2/repository/net/minidev/json-smart/2.3/json-smart-2.3.jar' 
2022-02-17 12:18:58.277 DEBUG [acme.Launcher@main] Found classpath entry '/C:/Users/jvega/.m2/repository/net/minidev/accessors-smart/1.2/accessors-smart-1.2.jar' 
2022-02-17 12:18:58.278 DEBUG [acme.Launcher@main] Found classpath entry '/C:/Users/jvega/.m2/repository/org/ow2/asm/asm/5.0.4/asm-5.0.4.jar' 
2022-02-17 12:18:58.279 DEBUG [acme.Launcher@main] Found classpath entry '/C:/Users/jvega/.m2/repository/jakarta/xml/bind/jakarta.xml.bind-api/2.3.3/jakarta.xml.bind-api-2.3.3.jar' 
2022-02-17 12:18:58.280 DEBUG [acme.Launcher@main] Found classpath entry '/C:/Users/jvega/.m2/repository/jakarta/activation/jakarta.activation-api/1.2.2/jakarta.activation-api-1.2.2.jar' 
2022-02-17 12:18:58.280 DEBUG [acme.Launcher@main] Found classpath entry '/C:/Users/jvega/.m2/repository/org/assertj/assertj-core/3.18.1/assertj-core-3.18.1.jar' 
2022-02-17 12:18:58.281 DEBUG [acme.Launcher@main] Found classpath entry '/C:/Users/jvega/.m2/repository/org/hamcrest/hamcrest/2.2/hamcrest-2.2.jar' 
2022-02-17 12:18:58.282 DEBUG [acme.Launcher@main] Found classpath entry '/C:/Users/jvega/.m2/repository/org/junit/jupiter/junit-jupiter/5.7.0/junit-jupiter-5.7.0.jar' 
2022-02-17 12:18:58.282 DEBUG [acme.Launcher@main] Found classpath entry '/C:/Users/jvega/.m2/repository/org/mockito/mockito-core/3.6.28/mockito-core-3.6.28.jar' 
2022-02-17 12:18:58.283 DEBUG [acme.Launcher@main] Found classpath entry '/C:/Users/jvega/.m2/repository/net/bytebuddy/byte-buddy-agent/1.10.19/byte-buddy-agent-1.10.19.jar' 
2022-02-17 12:18:58.284 DEBUG [acme.Launcher@main] Found classpath entry '/C:/Users/jvega/.m2/repository/org/objenesis/objenesis/3.1/objenesis-3.1.jar' 
2022-02-17 12:18:58.284 DEBUG [acme.Launcher@main] Found classpath entry '/C:/Users/jvega/.m2/repository/org/mockito/mockito-junit-jupiter/3.6.28/mockito-junit-jupiter-3.6.28.jar' 
2022-02-17 12:18:58.285 DEBUG [acme.Launcher@main] Found classpath entry '/C:/Users/jvega/.m2/repository/org/skyscreamer/jsonassert/1.5.0/jsonassert-1.5.0.jar' 
2022-02-17 12:18:58.286 DEBUG [acme.Launcher@main] Found classpath entry '/C:/Users/jvega/.m2/repository/com/vaadin/external/google/android-json/0.0.20131108.vaadin1/android-json-0.0.20131108.vaadin1.jar' 
2022-02-17 12:18:58.286 DEBUG [acme.Launcher@main] Found classpath entry '/C:/Users/jvega/.m2/repository/org/springframework/spring-core/5.3.3/spring-core-5.3.3.jar' 
2022-02-17 12:18:58.287 DEBUG [acme.Launcher@main] Found classpath entry '/C:/Users/jvega/.m2/repository/org/springframework/spring-jcl/5.3.3/spring-jcl-5.3.3.jar' 
2022-02-17 12:18:58.288 DEBUG [acme.Launcher@main] Found classpath entry '/C:/Users/jvega/.m2/repository/org/springframework/spring-test/5.3.3/spring-test-5.3.3.jar' 
2022-02-17 12:18:58.288 DEBUG [acme.Launcher@main] Found classpath entry '/C:/Users/jvega/.m2/repository/org/xmlunit/xmlunit-core/2.7.0/xmlunit-core-2.7.0.jar' 
2022-02-17 12:18:58.289 DEBUG [acme.Launcher@main] Found classpath entry '/C:/Users/jvega/.m2/repository/org/springframework/boot/spring-boot-starter-security/2.4.2/spring-boot-starter-security-2.4.2.jar' 
2022-02-17 12:18:58.290 DEBUG [acme.Launcher@main] Found classpath entry '/C:/Users/jvega/.m2/repository/org/springframework/spring-aop/5.3.3/spring-aop-5.3.3.jar' 
2022-02-17 12:18:58.290 DEBUG [acme.Launcher@main] Found classpath entry '/C:/Users/jvega/.m2/repository/org/springframework/security/spring-security-web/5.4.2/spring-security-web-5.4.2.jar' 
2022-02-17 12:18:58.291 DEBUG [acme.Launcher@main] Found classpath entry '/C:/Users/jvega/.m2/repository/org/springframework/security/spring-security-core/5.4.2/spring-security-core-5.4.2.jar' 
2022-02-17 12:18:58.292 DEBUG [acme.Launcher@main] Found classpath entry '/C:/Users/jvega/.m2/repository/org/springframework/spring-beans/5.3.3/spring-beans-5.3.3.jar' 
2022-02-17 12:18:58.292 DEBUG [acme.Launcher@main] Found classpath entry '/C:/Users/jvega/.m2/repository/org/springframework/spring-context/5.3.3/spring-context-5.3.3.jar' 
2022-02-17 12:18:58.293 DEBUG [acme.Launcher@main] Found classpath entry '/C:/Users/jvega/.m2/repository/org/springframework/spring-expression/5.3.3/spring-expression-5.3.3.jar' 
2022-02-17 12:18:58.293 DEBUG [acme.Launcher@main] Found classpath entry '/C:/Users/jvega/.m2/repository/org/springframework/spring-web/5.3.3/spring-web-5.3.3.jar' 
2022-02-17 12:18:58.294 DEBUG [acme.Launcher@main] Found classpath entry '/C:/Users/jvega/.m2/repository/org/springframework/security/spring-security-config/5.4.2/spring-security-config-5.4.2.jar' 
2022-02-17 12:18:58.295 DEBUG [acme.Launcher@main] Found classpath entry '/C:/Users/jvega/.m2/repository/org/springframework/security/spring-security-taglibs/5.4.2/spring-security-taglibs-5.4.2.jar' 
2022-02-17 12:18:58.296 DEBUG [acme.Launcher@main] Found classpath entry '/C:/Users/jvega/.m2/repository/org/springframework/security/spring-security-acl/5.4.2/spring-security-acl-5.4.2.jar' 
2022-02-17 12:18:58.296 DEBUG [acme.Launcher@main] Found classpath entry '/C:/Users/jvega/.m2/repository/org/springframework/spring-jdbc/5.3.3/spring-jdbc-5.3.3.jar' 
2022-02-17 12:18:58.297 DEBUG [acme.Launcher@main] Found classpath entry '/C:/Users/jvega/.m2/repository/org/springframework/spring-tx/5.3.3/spring-tx-5.3.3.jar' 
2022-02-17 12:18:58.297 DEBUG [acme.Launcher@main] Found classpath entry '/C:/Users/jvega/.m2/repository/org/springframework/boot/spring-boot-starter-web/2.4.2/spring-boot-starter-web-2.4.2.jar' 
2022-02-17 12:18:58.298 DEBUG [acme.Launcher@main] Found classpath entry '/C:/Users/jvega/.m2/repository/org/springframework/boot/spring-boot-starter-json/2.4.2/spring-boot-starter-json-2.4.2.jar' 
2022-02-17 12:18:58.298 DEBUG [acme.Launcher@main] Found classpath entry '/C:/Users/jvega/.m2/repository/com/fasterxml/jackson/core/jackson-databind/2.11.4/jackson-databind-2.11.4.jar' 
2022-02-17 12:18:58.299 DEBUG [acme.Launcher@main] Found classpath entry '/C:/Users/jvega/.m2/repository/com/fasterxml/jackson/core/jackson-annotations/2.11.4/jackson-annotations-2.11.4.jar' 
2022-02-17 12:18:58.299 DEBUG [acme.Launcher@main] Found classpath entry '/C:/Users/jvega/.m2/repository/com/fasterxml/jackson/core/jackson-core/2.11.4/jackson-core-2.11.4.jar' 
2022-02-17 12:18:58.300 DEBUG [acme.Launcher@main] Found classpath entry '/C:/Users/jvega/.m2/repository/com/fasterxml/jackson/datatype/jackson-datatype-jdk8/2.11.4/jackson-datatype-jdk8-2.11.4.jar' 
2022-02-17 12:18:58.300 DEBUG [acme.Launcher@main] Found classpath entry '/C:/Users/jvega/.m2/repository/com/fasterxml/jackson/datatype/jackson-datatype-jsr310/2.11.4/jackson-datatype-jsr310-2.11.4.jar' 
2022-02-17 12:18:58.300 DEBUG [acme.Launcher@main] Found classpath entry '/C:/Users/jvega/.m2/repository/com/fasterxml/jackson/module/jackson-module-parameter-names/2.11.4/jackson-module-parameter-names-2.11.4.jar' 
2022-02-17 12:18:58.301 DEBUG [acme.Launcher@main] Found classpath entry '/C:/Users/jvega/.m2/repository/org/springframework/spring-webmvc/5.3.3/spring-webmvc-5.3.3.jar' 
2022-02-17 12:18:58.301 DEBUG [acme.Launcher@main] Found classpath entry '/C:/Users/jvega/.m2/repository/org/apache/tiles/tiles-jsp/3.0.8/tiles-jsp-3.0.8.jar' 
2022-02-17 12:18:58.302 DEBUG [acme.Launcher@main] Found classpath entry '/C:/Users/jvega/.m2/repository/org/apache/tiles/tiles-servlet/3.0.8/tiles-servlet-3.0.8.jar' 
2022-02-17 12:18:58.302 DEBUG [acme.Launcher@main] Found classpath entry '/C:/Users/jvega/.m2/repository/org/apache/tiles/tiles-core/3.0.8/tiles-core-3.0.8.jar' 
2022-02-17 12:18:58.303 DEBUG [acme.Launcher@main] Found classpath entry '/C:/Users/jvega/.m2/repository/commons-digester/commons-digester/2.0/commons-digester-2.0.jar' 
2022-02-17 12:18:58.303 DEBUG [acme.Launcher@main] Found classpath entry '/C:/Users/jvega/.m2/repository/org/slf4j/jcl-over-slf4j/1.7.30/jcl-over-slf4j-1.7.30.jar' 
2022-02-17 12:18:58.303 DEBUG [acme.Launcher@main] Found classpath entry '/C:/Users/jvega/.m2/repository/org/apache/tiles/tiles-request-servlet/1.0.7/tiles-request-servlet-1.0.7.jar' 
2022-02-17 12:18:58.304 DEBUG [acme.Launcher@main] Found classpath entry '/C:/Users/jvega/.m2/repository/org/apache/tiles/tiles-template/3.0.8/tiles-template-3.0.8.jar' 
2022-02-17 12:18:58.304 DEBUG [acme.Launcher@main] Found classpath entry '/C:/Users/jvega/.m2/repository/org/apache/tiles/tiles-api/3.0.8/tiles-api-3.0.8.jar' 
2022-02-17 12:18:58.305 DEBUG [acme.Launcher@main] Found classpath entry '/C:/Users/jvega/.m2/repository/org/apache/tiles/tiles-autotag-core-runtime/1.2/tiles-autotag-core-runtime-1.2.jar' 
2022-02-17 12:18:58.305 DEBUG [acme.Launcher@main] Found classpath entry '/C:/Users/jvega/.m2/repository/org/slf4j/slf4j-api/1.7.30/slf4j-api-1.7.30.jar' 
2022-02-17 12:18:58.306 DEBUG [acme.Launcher@main] Found classpath entry '/C:/Users/jvega/.m2/repository/org/apache/tiles/tiles-request-jsp/1.0.7/tiles-request-jsp-1.0.7.jar' 
2022-02-17 12:18:58.306 DEBUG [acme.Launcher@main] Found classpath entry '/C:/Users/jvega/.m2/repository/org/apache/tiles/tiles-request-api/1.0.7/tiles-request-api-1.0.7.jar' 
2022-02-17 12:18:58.307 DEBUG [acme.Launcher@main] Found classpath entry '/C:/Users/jvega/.m2/repository/org/springframework/boot/spring-boot-starter-data-jpa/2.4.2/spring-boot-starter-data-jpa-2.4.2.jar' 
2022-02-17 12:18:58.307 DEBUG [acme.Launcher@main] Found classpath entry '/C:/Users/jvega/.m2/repository/org/springframework/boot/spring-boot-starter-aop/2.4.2/spring-boot-starter-aop-2.4.2.jar' 
2022-02-17 12:18:58.308 DEBUG [acme.Launcher@main] Found classpath entry '/C:/Users/jvega/.m2/repository/org/aspectj/aspectjweaver/1.9.6/aspectjweaver-1.9.6.jar' 
2022-02-17 12:18:58.308 DEBUG [acme.Launcher@main] Found classpath entry '/C:/Users/jvega/.m2/repository/org/springframework/boot/spring-boot-starter-jdbc/2.4.2/spring-boot-starter-jdbc-2.4.2.jar' 
2022-02-17 12:18:58.309 DEBUG [acme.Launcher@main] Found classpath entry '/C:/Users/jvega/.m2/repository/jakarta/transaction/jakarta.transaction-api/1.3.3/jakarta.transaction-api-1.3.3.jar' 
2022-02-17 12:18:58.309 DEBUG [acme.Launcher@main] Found classpath entry '/C:/Users/jvega/.m2/repository/jakarta/persistence/jakarta.persistence-api/2.2.3/jakarta.persistence-api-2.2.3.jar' 
2022-02-17 12:18:58.310 DEBUG [acme.Launcher@main] Found classpath entry '/C:/Users/jvega/.m2/repository/org/hibernate/hibernate-core/5.4.27.Final/hibernate-core-5.4.27.Final.jar' 
2022-02-17 12:18:58.310 DEBUG [acme.Launcher@main] Found classpath entry '/C:/Users/jvega/.m2/repository/org/jboss/logging/jboss-logging/3.4.1.Final/jboss-logging-3.4.1.Final.jar' 
2022-02-17 12:18:58.311 DEBUG [acme.Launcher@main] Found classpath entry '/C:/Users/jvega/.m2/repository/org/javassist/javassist/3.27.0-GA/javassist-3.27.0-GA.jar' 
2022-02-17 12:18:58.311 DEBUG [acme.Launcher@main] Found classpath entry '/C:/Users/jvega/.m2/repository/antlr/antlr/2.7.7/antlr-2.7.7.jar' 
2022-02-17 12:18:58.312 DEBUG [acme.Launcher@main] Found classpath entry '/C:/Users/jvega/.m2/repository/org/jboss/jandex/2.1.3.Final/jandex-2.1.3.Final.jar' 
2022-02-17 12:18:58.312 DEBUG [acme.Launcher@main] Found classpath entry '/C:/Users/jvega/.m2/repository/com/fasterxml/classmate/1.5.1/classmate-1.5.1.jar' 
2022-02-17 12:18:58.313 DEBUG [acme.Launcher@main] Found classpath entry '/C:/Users/jvega/.m2/repository/org/dom4j/dom4j/2.1.3/dom4j-2.1.3.jar' 
2022-02-17 12:18:58.313 DEBUG [acme.Launcher@main] Found classpath entry '/C:/Users/jvega/.m2/repository/org/hibernate/common/hibernate-commons-annotations/5.1.2.Final/hibernate-commons-annotations-5.1.2.Final.jar' 
2022-02-17 12:18:58.313 DEBUG [acme.Launcher@main] Found classpath entry '/C:/Users/jvega/.m2/repository/org/glassfish/jaxb/jaxb-runtime/2.3.3/jaxb-runtime-2.3.3.jar' 
2022-02-17 12:18:58.314 DEBUG [acme.Launcher@main] Found classpath entry '/C:/Users/jvega/.m2/repository/org/glassfish/jaxb/txw2/2.3.3/txw2-2.3.3.jar' 
2022-02-17 12:18:58.314 DEBUG [acme.Launcher@main] Found classpath entry '/C:/Users/jvega/.m2/repository/com/sun/istack/istack-commons-runtime/3.0.11/istack-commons-runtime-3.0.11.jar' 
2022-02-17 12:18:58.315 DEBUG [acme.Launcher@main] Found classpath entry '/C:/Users/jvega/.m2/repository/com/sun/activation/jakarta.activation/1.2.2/jakarta.activation-1.2.2.jar' 
2022-02-17 12:18:58.315 DEBUG [acme.Launcher@main] Found classpath entry '/C:/Users/jvega/.m2/repository/org/springframework/data/spring-data-jpa/2.4.3/spring-data-jpa-2.4.3.jar' 
2022-02-17 12:18:58.315 DEBUG [acme.Launcher@main] Found classpath entry '/C:/Users/jvega/.m2/repository/org/springframework/data/spring-data-commons/2.4.3/spring-data-commons-2.4.3.jar' 
2022-02-17 12:18:58.316 DEBUG [acme.Launcher@main] Found classpath entry '/C:/Users/jvega/.m2/repository/org/springframework/spring-orm/5.3.3/spring-orm-5.3.3.jar' 
2022-02-17 12:18:58.316 DEBUG [acme.Launcher@main] Found classpath entry '/C:/Users/jvega/.m2/repository/org/springframework/spring-aspects/5.3.3/spring-aspects-5.3.3.jar' 
2022-02-17 12:18:58.317 DEBUG [acme.Launcher@main] Found classpath entry '/C:/Users/jvega/.m2/repository/org/springframework/boot/spring-boot-starter-validation/2.4.2/spring-boot-starter-validation-2.4.2.jar' 
2022-02-17 12:18:58.317 DEBUG [acme.Launcher@main] Found classpath entry '/C:/Users/jvega/.m2/repository/org/hibernate/validator/hibernate-validator/6.1.7.Final/hibernate-validator-6.1.7.Final.jar' 
2022-02-17 12:18:58.318 DEBUG [acme.Launcher@main] Found classpath entry '/C:/Users/jvega/.m2/repository/jakarta/validation/jakarta.validation-api/2.0.2/jakarta.validation-api-2.0.2.jar' 
2022-02-17 12:18:58.318 DEBUG [acme.Launcher@main] Found classpath entry '/C:/Users/jvega/.m2/repository/mysql/mysql-connector-java/8.0.22/mysql-connector-java-8.0.22.jar' 
2022-02-17 12:18:58.318 DEBUG [acme.Launcher@main] Found classpath entry '/C:/Users/jvega/.m2/repository/com/zaxxer/HikariCP/3.4.5/HikariCP-3.4.5.jar' 
2022-02-17 12:18:58.319 DEBUG [acme.Launcher@main] Found classpath entry '/C:/Users/jvega/.m2/repository/org/junit/jupiter/junit-jupiter-engine/5.7.0/junit-jupiter-engine-5.7.0.jar' 
2022-02-17 12:18:58.319 DEBUG [acme.Launcher@main] Found classpath entry '/C:/Users/jvega/.m2/repository/org/apiguardian/apiguardian-api/1.1.0/apiguardian-api-1.1.0.jar' 
2022-02-17 12:18:58.320 DEBUG [acme.Launcher@main] Found classpath entry '/C:/Users/jvega/.m2/repository/org/junit/platform/junit-platform-engine/1.7.0/junit-platform-engine-1.7.0.jar' 
2022-02-17 12:18:58.320 DEBUG [acme.Launcher@main] Found classpath entry '/C:/Users/jvega/.m2/repository/org/junit/jupiter/junit-jupiter-api/5.7.0/junit-jupiter-api-5.7.0.jar' 
2022-02-17 12:18:58.320 DEBUG [acme.Launcher@main] Found classpath entry '/C:/Users/jvega/.m2/repository/org/opentest4j/opentest4j/1.2.0/opentest4j-1.2.0.jar' 
2022-02-17 12:18:58.321 DEBUG [acme.Launcher@main] Found classpath entry '/C:/Users/jvega/.m2/repository/org/junit/platform/junit-platform-commons/1.7.0/junit-platform-commons-1.7.0.jar' 
2022-02-17 12:18:58.321 DEBUG [acme.Launcher@main] Found classpath entry '/C:/Users/jvega/.m2/repository/org/junit/jupiter/junit-jupiter-params/5.7.0/junit-jupiter-params-5.7.0.jar' 
2022-02-17 12:18:58.321 DEBUG [acme.Launcher@main] Found classpath entry '/C:/Users/jvega/.m2/repository/org/junit/platform/junit-platform-launcher/1.7.0/junit-platform-launcher-1.7.0.jar' 
2022-02-17 12:18:58.322 DEBUG [acme.Launcher@main] Found classpath entry '/C:/Users/jvega/.m2/repository/org/seleniumhq/selenium/selenium-java/3.141.59/selenium-java-3.141.59.jar' 
2022-02-17 12:18:58.322 DEBUG [acme.Launcher@main] Found classpath entry '/C:/Users/jvega/.m2/repository/org/seleniumhq/selenium/selenium-api/3.141.59/selenium-api-3.141.59.jar' 
2022-02-17 12:18:58.322 DEBUG [acme.Launcher@main] Found classpath entry '/C:/Users/jvega/.m2/repository/org/seleniumhq/selenium/selenium-chrome-driver/3.141.59/selenium-chrome-driver-3.141.59.jar' 
2022-02-17 12:18:58.322 DEBUG [acme.Launcher@main] Found classpath entry '/C:/Users/jvega/.m2/repository/org/seleniumhq/selenium/selenium-edge-driver/3.141.59/selenium-edge-driver-3.141.59.jar' 
2022-02-17 12:18:58.322 DEBUG [acme.Launcher@main] Found classpath entry '/C:/Users/jvega/.m2/repository/org/seleniumhq/selenium/selenium-firefox-driver/3.141.59/selenium-firefox-driver-3.141.59.jar' 
2022-02-17 12:18:58.323 DEBUG [acme.Launcher@main] Found classpath entry '/C:/Users/jvega/.m2/repository/org/seleniumhq/selenium/selenium-ie-driver/3.141.59/selenium-ie-driver-3.141.59.jar' 
2022-02-17 12:18:58.323 DEBUG [acme.Launcher@main] Found classpath entry '/C:/Users/jvega/.m2/repository/org/seleniumhq/selenium/selenium-opera-driver/3.141.59/selenium-opera-driver-3.141.59.jar' 
2022-02-17 12:18:58.323 DEBUG [acme.Launcher@main] Found classpath entry '/C:/Users/jvega/.m2/repository/org/seleniumhq/selenium/selenium-remote-driver/3.141.59/selenium-remote-driver-3.141.59.jar' 
2022-02-17 12:18:58.324 DEBUG [acme.Launcher@main] Found classpath entry '/C:/Users/jvega/.m2/repository/org/seleniumhq/selenium/selenium-safari-driver/3.141.59/selenium-safari-driver-3.141.59.jar' 
2022-02-17 12:18:58.324 DEBUG [acme.Launcher@main] Found classpath entry '/C:/Users/jvega/.m2/repository/org/seleniumhq/selenium/selenium-support/3.141.59/selenium-support-3.141.59.jar' 
2022-02-17 12:18:58.324 DEBUG [acme.Launcher@main] Found classpath entry '/C:/Users/jvega/.m2/repository/net/bytebuddy/byte-buddy/1.10.19/byte-buddy-1.10.19.jar' 
2022-02-17 12:18:58.325 DEBUG [acme.Launcher@main] Found classpath entry '/C:/Users/jvega/.m2/repository/org/apache/commons/commons-exec/1.3/commons-exec-1.3.jar' 
2022-02-17 12:18:58.325 DEBUG [acme.Launcher@main] Found classpath entry '/C:/Users/jvega/.m2/repository/com/google/guava/guava/25.0-jre/guava-25.0-jre.jar' 
2022-02-17 12:18:58.326 DEBUG [acme.Launcher@main] Found classpath entry '/C:/Users/jvega/.m2/repository/com/google/code/findbugs/jsr305/1.3.9/jsr305-1.3.9.jar' 
2022-02-17 12:18:58.326 DEBUG [acme.Launcher@main] Found classpath entry '/C:/Users/jvega/.m2/repository/org/checkerframework/checker-compat-qual/2.0.0/checker-compat-qual-2.0.0.jar' 
2022-02-17 12:18:58.326 DEBUG [acme.Launcher@main] Found classpath entry '/C:/Users/jvega/.m2/repository/com/google/errorprone/error_prone_annotations/2.1.3/error_prone_annotations-2.1.3.jar' 
2022-02-17 12:18:58.327 DEBUG [acme.Launcher@main] Found classpath entry '/C:/Users/jvega/.m2/repository/com/google/j2objc/j2objc-annotations/1.1/j2objc-annotations-1.1.jar' 
2022-02-17 12:18:58.327 DEBUG [acme.Launcher@main] Found classpath entry '/C:/Users/jvega/.m2/repository/org/codehaus/mojo/animal-sniffer-annotations/1.14/animal-sniffer-annotations-1.14.jar' 
2022-02-17 12:18:58.327 DEBUG [acme.Launcher@main] Found classpath entry '/C:/Users/jvega/.m2/repository/com/squareup/okhttp3/okhttp/3.14.9/okhttp-3.14.9.jar' 
2022-02-17 12:18:58.328 DEBUG [acme.Launcher@main] Found classpath entry '/C:/Users/jvega/.m2/repository/com/squareup/okio/okio/1.14.0/okio-1.14.0.jar' 
2022-02-17 12:18:58.328 DEBUG [acme.Launcher@main] Found classpath entry '/C:/Users/jvega/.m2/repository/org/apache/commons/commons-lang3/3.11/commons-lang3-3.11.jar' 
2022-02-17 12:18:58.329 DEBUG [acme.Launcher@main] Found classpath entry '/C:/Users/jvega/.m2/repository/org/apache/commons/commons-text/1.8/commons-text-1.8.jar' 
2022-02-17 12:18:58.329 DEBUG [acme.Launcher@main] Found classpath entry '/C:/Users/jvega/.m2/repository/commons-io/commons-io/2.6/commons-io-2.6.jar' 
2022-02-17 12:18:58.330 DEBUG [acme.Launcher@main] Found classpath entry '/C:/Users/jvega/.m2/repository/commons-cli/commons-cli/1.4/commons-cli-1.4.jar' 
2022-02-17 12:18:58.330 DEBUG [acme.Launcher@main] Found classpath entry '/C:/Users/jvega/.m2/repository/org/projectlombok/lombok/1.18.16/lombok-1.18.16.jar' 
2022-02-17 12:18:58.330 DEBUG [acme.Launcher@main] Found classpath entry '/C:/Users/jvega/.m2/repository/com/opencsv/opencsv/5.4/opencsv-5.4.jar' 
2022-02-17 12:18:58.330 DEBUG [acme.Launcher@main] Found classpath entry '/C:/Users/jvega/.m2/repository/commons-beanutils/commons-beanutils/1.9.4/commons-beanutils-1.9.4.jar' 
2022-02-17 12:18:58.331 DEBUG [acme.Launcher@main] Found classpath entry '/C:/Users/jvega/.m2/repository/commons-logging/commons-logging/1.2/commons-logging-1.2.jar' 
2022-02-17 12:18:58.331 DEBUG [acme.Launcher@main] Found classpath entry '/C:/Users/jvega/.m2/repository/commons-collections/commons-collections/3.2.2/commons-collections-3.2.2.jar' 
2022-02-17 12:18:58.332 DEBUG [acme.Launcher@main] Found classpath entry '/C:/Users/jvega/.m2/repository/org/apache/commons/commons-collections4/4.4/commons-collections4-4.4.jar' 
2022-02-17 12:18:58.332 DEBUG [acme.Launcher@main] Found classpath entry '/C:/Users/jvega/Workspace-22.0/Frameworks/Acme-Framework-22.0/target/classes/' 
2022-02-17 12:18:58.332 DEBUG [acme.Launcher@main] Found classpath entry '/C:/Users/jvega/Workspace-22.0/Frameworks/Acme-Framework-22.0/target/test-classes/' 
2022-02-17 12:18:58.333 DEBUG [acme.Launcher@main] Found classpath entry '/C:/Users/jvega/Workspace-22.0/Tools/IDEs/eclipse-jee-2021-12-R/configuration/org.eclipse.osgi/418/0/.cp/lib/javaagent-shaded.jar' 
2022-02-17 12:18:58.480 DEBUG [acme.Launcher@main] Found entity class 'acme.roles.Consumer 
2022-02-17 12:18:58.481 DEBUG [acme.Launcher@main] Found entity class 'acme.roles.Provider 
2022-02-17 12:18:58.481 DEBUG [acme.Launcher@main] Found entity class 'acme.framework.entities.UserAccount 
2022-02-17 12:18:58.481 DEBUG [acme.Launcher@main] Found entity class 'acme.framework.roles.Administrator 
2022-02-17 12:18:58.481 DEBUG [acme.Launcher@main] Found entity class 'acme.framework.roles.Anonymous 
2022-02-17 12:18:58.481 DEBUG [acme.Launcher@main] Found entity class 'acme.framework.roles.Authenticated 
2022-02-17 12:18:58.489 INFO  [acme.Launcher@main] Populating (sample data) 
2022-02-17 12:18:58.491 INFO  [acme.framework.components.database.DatabasePopulator@main] Building database schema 
2022-02-17 12:18:58.556 DEBUG [acme.framework.components.database.DatabaseUtil@main] Starting new transaction. 
2022-02-17 12:18:58.576 DEBUG [acme.framework.components.database.DatabaseUtil@main] Executing command 'set transaction isolation level read uncommitted;'. 
2022-02-17 12:18:58.603 DEBUG [acme.framework.components.database.DatabaseUtil@main] Starting transaction '1388742949'. 
2022-02-17 12:18:58.604 DEBUG [acme.framework.components.database.DatabaseUtil@main] Executing command 'set foreign_key_checks=0'. 
2022-02-17 12:18:58.605 DEBUG [acme.framework.components.database.DatabaseUtil@main] Executing command 'drop table if exists administrator'. 
2022-02-17 12:18:58.622 DEBUG [acme.framework.components.database.DatabaseUtil@main] Executing command 'drop table if exists anonymous'. 
2022-02-17 12:18:58.632 DEBUG [acme.framework.components.database.DatabaseUtil@main] Executing command 'drop table if exists authenticated'. 
2022-02-17 12:18:58.642 DEBUG [acme.framework.components.database.DatabaseUtil@main] Executing command 'drop table if exists consumer'. 
2022-02-17 12:18:58.652 DEBUG [acme.framework.components.database.DatabaseUtil@main] Executing command 'drop table if exists hibernate_sequence'. 
2022-02-17 12:18:58.662 DEBUG [acme.framework.components.database.DatabaseUtil@main] Executing command 'drop table if exists provider'. 
2022-02-17 12:18:58.671 DEBUG [acme.framework.components.database.DatabaseUtil@main] Executing command 'drop table if exists user_account'. 
2022-02-17 12:18:58.684 DEBUG [acme.framework.components.database.DatabaseUtil@main] Executing command 'set foreign_key_checks=1'. 
2022-02-17 12:18:58.685 DEBUG [acme.framework.components.database.DatabaseUtil@main] Committing transaction '1388742949'. 
2022-02-17 12:18:58.701 DEBUG [acme.framework.components.database.DatabaseUtil@main] Starting new transaction. 
2022-02-17 12:18:58.702 DEBUG [acme.framework.components.database.DatabaseUtil@main] Executing command 'set transaction isolation level read uncommitted;'. 
2022-02-17 12:18:58.703 DEBUG [acme.framework.components.database.DatabaseUtil@main] Starting transaction '448990180'. 
2022-02-17 12:18:58.703 DEBUG [acme.framework.components.database.DatabaseUtil@main] Executing command 'set foreign_key_checks=0'. 
2022-02-17 12:18:58.704 DEBUG [acme.framework.components.database.DatabaseUtil@main] Executing command 'create table administrator (id integer not null, version integer not null, user_account_id integer, primary key (id)) engine=InnoDB'. 
2022-02-17 12:18:58.729 DEBUG [acme.framework.components.database.DatabaseUtil@main] Executing command 'create table anonymous (id integer not null, version integer not null, user_account_id integer, primary key (id)) engine=InnoDB'. 
2022-02-17 12:18:58.746 DEBUG [acme.framework.components.database.DatabaseUtil@main] Executing command 'create table authenticated (id integer not null, version integer not null, user_account_id integer, primary key (id)) engine=InnoDB'. 
2022-02-17 12:18:58.761 DEBUG [acme.framework.components.database.DatabaseUtil@main] Executing command 'create table consumer (id integer not null, version integer not null, user_account_id integer, company varchar(255), sector varchar(255), primary key (id)) engine=InnoDB'. 
2022-02-17 12:18:58.776 DEBUG [acme.framework.components.database.DatabaseUtil@main] Executing command 'create table hibernate_sequence (next_val bigint) engine=InnoDB'. 
2022-02-17 12:18:58.792 DEBUG [acme.framework.components.database.DatabaseUtil@main] Executing command 'insert into hibernate_sequence values ( 1 )'. 
2022-02-17 12:18:58.799 DEBUG [acme.framework.components.database.DatabaseUtil@main] Executing command 'create table provider (id integer not null, version integer not null, user_account_id integer, company varchar(255), sector varchar(255), primary key (id)) engine=InnoDB'. 
2022-02-17 12:18:58.814 DEBUG [acme.framework.components.database.DatabaseUtil@main] Executing command 'create table user_account (id integer not null, version integer not null, enabled bit not null, identity_email varchar(255), identity_name varchar(255), identity_surname varchar(255), password varchar(255), username varchar(255), primary key (id)) engine=InnoDB'. 
2022-02-17 12:18:58.830 DEBUG [acme.framework.components.database.DatabaseUtil@main] Executing command 'alter table user_account add constraint UK_castjbvpeeus0r8lbpehiu0e4 unique (username)'. 
2022-02-17 12:18:58.856 DEBUG [acme.framework.components.database.DatabaseUtil@main] Executing command 'alter table administrator add constraint FK_2a5vcjo3stlfcwadosjfq49l1 foreign key (user_account_id) references user_account (id)'. 
2022-02-17 12:18:58.879 DEBUG [acme.framework.components.database.DatabaseUtil@main] Executing command 'alter table anonymous add constraint FK_6lnbc6fo3om54vugoh8icg78m foreign key (user_account_id) references user_account (id)'. 
2022-02-17 12:18:58.902 DEBUG [acme.framework.components.database.DatabaseUtil@main] Executing command 'alter table authenticated add constraint FK_h52w0f3wjoi68b63wv9vwon57 foreign key (user_account_id) references user_account (id)'. 
2022-02-17 12:18:58.923 DEBUG [acme.framework.components.database.DatabaseUtil@main] Executing command 'alter table consumer add constraint FK_6cyha9f1wpj0dpbxrrjddrqed foreign key (user_account_id) references user_account (id)'. 
2022-02-17 12:18:58.944 DEBUG [acme.framework.components.database.DatabaseUtil@main] Executing command 'alter table provider add constraint FK_b1gwnjqm6ggy9yuiqm0o4rlmd foreign key (user_account_id) references user_account (id)'. 
2022-02-17 12:18:58.967 DEBUG [acme.framework.components.database.DatabaseUtil@main] Executing command 'set foreign_key_checks=1'. 
2022-02-17 12:18:58.968 DEBUG [acme.framework.components.database.DatabaseUtil@main] Committing transaction '448990180'. 
2022-02-17 12:18:58.971 INFO  [acme.framework.components.database.DatabasePopulator@main] Reading entities from 'classpath:/WEB-INF/resources/initial-data' 
2022-02-17 12:18:58.978 DEBUG [acme.framework.components.database.Dataset@main] Reading dataset from 'C:\Users\jvega\Workspace-22.0\Starters\Hello-World-22.0\target\classes\WEB-INF\resources\initial-data\administrator.csv' 
2022-02-17 12:18:59.055 DEBUG [acme.framework.components.database.Dataset@main] Reading mapping '{key:user-account=user-account-administrator-01, key=administrator-01}' from 'C:\Users\jvega\Workspace-22.0\Starters\Hello-World-22.0\target\classes\WEB-INF\resources\initial-data\administrator.csv' 
2022-02-17 12:18:59.057 DEBUG [acme.framework.components.database.Dataset@main] Reading dataset from 'C:\Users\jvega\Workspace-22.0\Starters\Hello-World-22.0\target\classes\WEB-INF\resources\initial-data\anonymous.csv' 
2022-02-17 12:18:59.058 DEBUG [acme.framework.components.database.Dataset@main] Reading mapping '{key:user-account=user-account-anonymous-01, key=anonymous-01}' from 'C:\Users\jvega\Workspace-22.0\Starters\Hello-World-22.0\target\classes\WEB-INF\resources\initial-data\anonymous.csv' 
2022-02-17 12:18:59.058 DEBUG [acme.framework.components.database.Dataset@main] Reading dataset from 'C:\Users\jvega\Workspace-22.0\Starters\Hello-World-22.0\target\classes\WEB-INF\resources\initial-data\authenticated.csv' 
2022-02-17 12:18:59.059 DEBUG [acme.framework.components.database.Dataset@main] Reading mapping '{key:user-account=user-account-administrator-01, key=authenticated-administrator-01}' from 'C:\Users\jvega\Workspace-22.0\Starters\Hello-World-22.0\target\classes\WEB-INF\resources\initial-data\authenticated.csv' 
2022-02-17 12:18:59.060 DEBUG [acme.framework.components.database.Dataset@main] Reading dataset from 'C:\Users\jvega\Workspace-22.0\Starters\Hello-World-22.0\target\classes\WEB-INF\resources\initial-data\user-account.csv' 
2022-02-17 12:18:59.061 DEBUG [acme.framework.components.database.Dataset@main] Reading mapping '{password=HIDDEN-PASSWORD, identity=UserIdentity{name: 'John', surname: 'Doe', email: 'john.doe@acme.com'}, key=user-account-anonymous-01, enabled=false, username=anonymous}' from 'C:\Users\jvega\Workspace-22.0\Starters\Hello-World-22.0\target\classes\WEB-INF\resources\initial-data\user-account.csv' 
2022-02-17 12:18:59.061 DEBUG [acme.framework.components.database.Dataset@main] Reading mapping '{password=administrator, identity=UserIdentity{name: 'Administrator', surname: 'Acme', email: 'administrator@acme.com'}, key=user-account-administrator-01, enabled=true, username=administrator}' from 'C:\Users\jvega\Workspace-22.0\Starters\Hello-World-22.0\target\classes\WEB-INF\resources\initial-data\user-account.csv' 
2022-02-17 12:18:59.062 DEBUG [acme.framework.components.database.EntityWeb@main] Setting attributes of entities of class acme.framework.roles.Anonymous 
2022-02-17 12:18:59.062 DEBUG [acme.framework.components.database.EntityWeb@main] Setting attributes of entities of class acme.framework.roles.Authenticated 
2022-02-17 12:18:59.062 DEBUG [acme.framework.components.database.EntityWeb@main] Setting attributes of entities of class acme.framework.roles.Administrator 
2022-02-17 12:18:59.062 DEBUG [acme.framework.components.database.EntityWeb@main] Setting attributes of entities of class acme.framework.entities.UserAccount 
2022-02-17 12:18:59.275 DEBUG [acme.framework.components.database.EntityWeb@main] Linking entities of class acme.framework.roles.Anonymous 
2022-02-17 12:18:59.282 DEBUG [acme.framework.components.database.EntityWeb@main] Linking entities of class acme.framework.roles.Authenticated 
2022-02-17 12:18:59.287 DEBUG [acme.framework.components.database.EntityWeb@main] Linking entities of class acme.framework.roles.Administrator 
2022-02-17 12:18:59.292 DEBUG [acme.framework.components.database.EntityWeb@main] Linking entities of class acme.framework.entities.UserAccount 
2022-02-17 12:18:59.293 INFO  [acme.framework.components.database.DatabasePopulator@main] Reading entities from 'classpath:/WEB-INF/resources/sample-data' 
2022-02-17 12:18:59.294 DEBUG [acme.framework.components.database.Dataset@main] Reading dataset from 'C:\Users\jvega\Workspace-22.0\Starters\Hello-World-22.0\target\classes\WEB-INF\resources\sample-data\consumer.csv' 
2022-02-17 12:18:59.295 DEBUG [acme.framework.components.database.Dataset@main] Reading mapping '{key:user-account=user-account-administrator-01, company=Macarena, Inc., sector=Telecommunications, key=consumer-01}' from 'C:\Users\jvega\Workspace-22.0\Starters\Hello-World-22.0\target\classes\WEB-INF\resources\sample-data\consumer.csv' 
2022-02-17 12:18:59.295 DEBUG [acme.framework.components.database.Dataset@main] Reading dataset from 'C:\Users\jvega\Workspace-22.0\Starters\Hello-World-22.0\target\classes\WEB-INF\resources\sample-data\provider.csv' 
2022-02-17 12:18:59.296 DEBUG [acme.framework.components.database.Dataset@main] Reading mapping '{key:user-account=user-account-administrator-01, company=Terra Nets, S.A., sector=Internet, key=provider-01}' from 'C:\Users\jvega\Workspace-22.0\Starters\Hello-World-22.0\target\classes\WEB-INF\resources\sample-data\provider.csv' 
2022-02-17 12:18:59.296 DEBUG [acme.framework.components.database.EntityWeb@main] Setting attributes of entities of class acme.roles.Provider 
2022-02-17 12:18:59.301 DEBUG [acme.framework.components.database.EntityWeb@main] Setting attributes of entities of class acme.roles.Consumer 
2022-02-17 12:18:59.306 DEBUG [acme.framework.components.database.EntityWeb@main] Linking entities of class acme.roles.Provider 
2022-02-17 12:18:59.306 DEBUG [acme.framework.components.database.EntityWeb@main] Linking entities of class acme.roles.Consumer 
2022-02-17 12:18:59.307 INFO  [acme.framework.components.database.DatabasePopulator@main] Validating your entities 
2022-02-17 12:18:59.428 DEBUG [acme.framework.components.database.DatabasePopulator@main] Validating 'acme.framework.entities.UserAccount@user-account-anonymous-01' ... PASS 
2022-02-17 12:18:59.438 DEBUG [acme.framework.components.database.DatabasePopulator@main] Validating 'acme.framework.roles.Anonymous@anonymous-01' ... PASS 
2022-02-17 12:18:59.441 DEBUG [acme.framework.components.database.DatabasePopulator@main] Validating 'acme.framework.entities.UserAccount@user-account-administrator-01' ... PASS 
2022-02-17 12:18:59.447 DEBUG [acme.framework.components.database.DatabasePopulator@main] Validating 'acme.framework.roles.Authenticated@authenticated-administrator-01' ... PASS 
2022-02-17 12:18:59.453 DEBUG [acme.framework.components.database.DatabasePopulator@main] Validating 'acme.roles.Provider@provider-01' ... PASS 
2022-02-17 12:18:59.458 DEBUG [acme.framework.components.database.DatabasePopulator@main] Validating 'acme.roles.Consumer@consumer-01' ... PASS 
2022-02-17 12:18:59.463 DEBUG [acme.framework.components.database.DatabasePopulator@main] Validating 'acme.framework.roles.Administrator@administrator-01' ... PASS 
2022-02-17 12:18:59.464 INFO  [acme.framework.components.database.DatabasePopulator@main] Sorting your entity classes 
2022-02-17 12:18:59.464 DEBUG [acme.framework.components.database.DatabasePopulator@main] Best topological order for your entity clazzes: 
2022-02-17 12:18:59.464 DEBUG [acme.framework.components.database.DatabasePopulator@main] - acme.framework.entities.UserAccount 
2022-02-17 12:18:59.464 DEBUG [acme.framework.components.database.DatabasePopulator@main] - acme.framework.roles.Anonymous 
2022-02-17 12:18:59.465 DEBUG [acme.framework.components.database.DatabasePopulator@main] - acme.framework.roles.Authenticated 
2022-02-17 12:18:59.465 DEBUG [acme.framework.components.database.DatabasePopulator@main] - acme.framework.roles.Administrator 
2022-02-17 12:18:59.465 DEBUG [acme.framework.components.database.DatabasePopulator@main] - acme.roles.Provider 
2022-02-17 12:18:59.465 DEBUG [acme.framework.components.database.DatabasePopulator@main] - acme.roles.Consumer 
2022-02-17 12:18:59.465 INFO  [acme.framework.components.database.DatabasePopulator@main] Persisting your entities 
2022-02-17 12:18:59.465 DEBUG [acme.framework.components.database.DatabaseUtil@main] Starting new transaction. 
2022-02-17 12:18:59.466 DEBUG [acme.framework.components.database.DatabaseUtil@main] Executing command 'set transaction isolation level read uncommitted;'. 
2022-02-17 12:18:59.467 DEBUG [acme.framework.components.database.DatabaseUtil@main] Starting transaction '1612040005'. 
2022-02-17 12:18:59.468 DEBUG [acme.framework.components.database.DatabasePopulator@main] Persising entities of clazz 'acme.framework.entities.UserAccount' 
2022-02-17 12:18:59.488 DEBUG [org.hibernate.SQL@main] select next_val as id_val from hibernate_sequence for update 
2022-02-17 12:18:59.514 DEBUG [org.hibernate.SQL@main] update hibernate_sequence set next_val= ? where next_val=? 
2022-02-17 12:18:59.556 DEBUG [acme.framework.components.database.DatabaseUtil@main] Persisting entity UserAccount(username=anonymous) 
2022-02-17 12:18:59.557 DEBUG [org.hibernate.SQL@main] select next_val as id_val from hibernate_sequence for update 
2022-02-17 12:18:59.558 DEBUG [org.hibernate.SQL@main] update hibernate_sequence set next_val= ? where next_val=? 
2022-02-17 12:18:59.561 DEBUG [acme.framework.components.database.DatabaseUtil@main] Persisting entity UserAccount(username=administrator) 
2022-02-17 12:18:59.561 DEBUG [acme.framework.components.database.DatabasePopulator@main] Persising entities of clazz 'acme.framework.roles.Anonymous' 
2022-02-17 12:18:59.562 DEBUG [org.hibernate.SQL@main] select next_val as id_val from hibernate_sequence for update 
2022-02-17 12:18:59.563 DEBUG [org.hibernate.SQL@main] update hibernate_sequence set next_val= ? where next_val=? 
2022-02-17 12:18:59.567 DEBUG [acme.framework.components.database.DatabaseUtil@main] Persisting entity UserRole(userAccount=UserAccount(username=anonymous)) 
2022-02-17 12:18:59.567 DEBUG [acme.framework.components.database.DatabasePopulator@main] Persising entities of clazz 'acme.framework.roles.Authenticated' 
2022-02-17 12:18:59.568 DEBUG [org.hibernate.SQL@main] select next_val as id_val from hibernate_sequence for update 
2022-02-17 12:18:59.569 DEBUG [org.hibernate.SQL@main] update hibernate_sequence set next_val= ? where next_val=? 
2022-02-17 12:18:59.572 DEBUG [acme.framework.components.database.DatabaseUtil@main] Persisting entity UserRole(userAccount=UserAccount(username=administrator)) 
2022-02-17 12:18:59.572 DEBUG [acme.framework.components.database.DatabasePopulator@main] Persising entities of clazz 'acme.framework.roles.Administrator' 
2022-02-17 12:18:59.572 DEBUG [org.hibernate.SQL@main] select next_val as id_val from hibernate_sequence for update 
2022-02-17 12:18:59.574 DEBUG [org.hibernate.SQL@main] update hibernate_sequence set next_val= ? where next_val=? 
2022-02-17 12:18:59.577 DEBUG [acme.framework.components.database.DatabaseUtil@main] Persisting entity UserRole(userAccount=UserAccount(username=administrator)) 
2022-02-17 12:18:59.577 DEBUG [acme.framework.components.database.DatabasePopulator@main] Persising entities of clazz 'acme.roles.Provider' 
2022-02-17 12:18:59.578 DEBUG [org.hibernate.SQL@main] select next_val as id_val from hibernate_sequence for update 
2022-02-17 12:18:59.579 DEBUG [org.hibernate.SQL@main] update hibernate_sequence set next_val= ? where next_val=? 
2022-02-17 12:18:59.582 DEBUG [acme.framework.components.database.DatabaseUtil@main] Persisting entity UserRole(userAccount=UserAccount(username=administrator)) 
2022-02-17 12:18:59.582 DEBUG [acme.framework.components.database.DatabasePopulator@main] Persising entities of clazz 'acme.roles.Consumer' 
2022-02-17 12:18:59.583 DEBUG [org.hibernate.SQL@main] select next_val as id_val from hibernate_sequence for update 
2022-02-17 12:18:59.584 DEBUG [org.hibernate.SQL@main] update hibernate_sequence set next_val= ? where next_val=? 
2022-02-17 12:18:59.587 DEBUG [acme.framework.components.database.DatabaseUtil@main] Persisting entity UserRole(userAccount=UserAccount(username=administrator)) 
2022-02-17 12:18:59.587 DEBUG [acme.framework.components.database.DatabaseUtil@main] Committing transaction '1612040005'. 
2022-02-17 12:18:59.623 DEBUG [org.hibernate.SQL@main] insert into user_account (version, enabled, identity_email, identity_name, identity_surname, password, username, id) values (?, ?, ?, ?, ?, ?, ?, ?) 
2022-02-17 12:18:59.628 TRACE [org.hibernate.type.descriptor.sql.BasicBinder@main] binding parameter [1] as [INTEGER] - [0] 
2022-02-17 12:18:59.630 TRACE [org.hibernate.type.descriptor.sql.BasicBinder@main] binding parameter [2] as [BOOLEAN] - [false] 
2022-02-17 12:18:59.631 TRACE [org.hibernate.type.descriptor.sql.BasicBinder@main] binding parameter [3] as [VARCHAR] - [john.doe@acme.com] 
2022-02-17 12:18:59.632 TRACE [org.hibernate.type.descriptor.sql.BasicBinder@main] binding parameter [4] as [VARCHAR] - [John] 
2022-02-17 12:18:59.632 TRACE [org.hibernate.type.descriptor.sql.BasicBinder@main] binding parameter [5] as [VARCHAR] - [Doe] 
2022-02-17 12:18:59.632 TRACE [org.hibernate.type.descriptor.sql.BasicBinder@main] binding parameter [6] as [VARCHAR] - [$2a$05$CAYFOKpDhKjZquD9ybKpeuzHYwcnpJpOIRGmvOD2mKdXHrDwzEpWy] 
2022-02-17 12:18:59.632 TRACE [org.hibernate.type.descriptor.sql.BasicBinder@main] binding parameter [7] as [VARCHAR] - [anonymous] 
2022-02-17 12:18:59.632 TRACE [org.hibernate.type.descriptor.sql.BasicBinder@main] binding parameter [8] as [INTEGER] - [1] 
2022-02-17 12:18:59.642 DEBUG [org.hibernate.SQL@main] insert into user_account (version, enabled, identity_email, identity_name, identity_surname, password, username, id) values (?, ?, ?, ?, ?, ?, ?, ?) 
2022-02-17 12:18:59.643 TRACE [org.hibernate.type.descriptor.sql.BasicBinder@main] binding parameter [1] as [INTEGER] - [0] 
2022-02-17 12:18:59.643 TRACE [org.hibernate.type.descriptor.sql.BasicBinder@main] binding parameter [2] as [BOOLEAN] - [true] 
2022-02-17 12:18:59.643 TRACE [org.hibernate.type.descriptor.sql.BasicBinder@main] binding parameter [3] as [VARCHAR] - [administrator@acme.com] 
2022-02-17 12:18:59.644 TRACE [org.hibernate.type.descriptor.sql.BasicBinder@main] binding parameter [4] as [VARCHAR] - [Administrator] 
2022-02-17 12:18:59.644 TRACE [org.hibernate.type.descriptor.sql.BasicBinder@main] binding parameter [5] as [VARCHAR] - [Acme] 
2022-02-17 12:18:59.644 TRACE [org.hibernate.type.descriptor.sql.BasicBinder@main] binding parameter [6] as [VARCHAR] - [$2a$05$EhNUWL1OSTJ5jfav4KIGFO/vv/sLDyyDzj1HQRRuGqae/G3D7.hRK] 
2022-02-17 12:18:59.644 TRACE [org.hibernate.type.descriptor.sql.BasicBinder@main] binding parameter [7] as [VARCHAR] - [administrator] 
2022-02-17 12:18:59.644 TRACE [org.hibernate.type.descriptor.sql.BasicBinder@main] binding parameter [8] as [INTEGER] - [2] 
2022-02-17 12:18:59.645 DEBUG [org.hibernate.SQL@main] insert into anonymous (version, user_account_id, id) values (?, ?, ?) 
2022-02-17 12:18:59.646 TRACE [org.hibernate.type.descriptor.sql.BasicBinder@main] binding parameter [1] as [INTEGER] - [0] 
2022-02-17 12:18:59.646 TRACE [org.hibernate.type.descriptor.sql.BasicBinder@main] binding parameter [2] as [INTEGER] - [1] 
2022-02-17 12:18:59.646 TRACE [org.hibernate.type.descriptor.sql.BasicBinder@main] binding parameter [3] as [INTEGER] - [3] 
2022-02-17 12:18:59.653 DEBUG [org.hibernate.SQL@main] insert into authenticated (version, user_account_id, id) values (?, ?, ?) 
2022-02-17 12:18:59.654 TRACE [org.hibernate.type.descriptor.sql.BasicBinder@main] binding parameter [1] as [INTEGER] - [0] 
2022-02-17 12:18:59.654 TRACE [org.hibernate.type.descriptor.sql.BasicBinder@main] binding parameter [2] as [INTEGER] - [2] 
2022-02-17 12:18:59.654 TRACE [org.hibernate.type.descriptor.sql.BasicBinder@main] binding parameter [3] as [INTEGER] - [4] 
2022-02-17 12:18:59.657 DEBUG [org.hibernate.SQL@main] insert into administrator (version, user_account_id, id) values (?, ?, ?) 
2022-02-17 12:18:59.658 TRACE [org.hibernate.type.descriptor.sql.BasicBinder@main] binding parameter [1] as [INTEGER] - [0] 
2022-02-17 12:18:59.658 TRACE [org.hibernate.type.descriptor.sql.BasicBinder@main] binding parameter [2] as [INTEGER] - [2] 
2022-02-17 12:18:59.658 TRACE [org.hibernate.type.descriptor.sql.BasicBinder@main] binding parameter [3] as [INTEGER] - [5] 
2022-02-17 12:18:59.665 DEBUG [org.hibernate.SQL@main] insert into provider (version, user_account_id, company, sector, id) values (?, ?, ?, ?, ?) 
2022-02-17 12:18:59.666 TRACE [org.hibernate.type.descriptor.sql.BasicBinder@main] binding parameter [1] as [INTEGER] - [0] 
2022-02-17 12:18:59.666 TRACE [org.hibernate.type.descriptor.sql.BasicBinder@main] binding parameter [2] as [INTEGER] - [2] 
2022-02-17 12:18:59.666 TRACE [org.hibernate.type.descriptor.sql.BasicBinder@main] binding parameter [3] as [VARCHAR] - [Terra Nets, S.A.] 
2022-02-17 12:18:59.666 TRACE [org.hibernate.type.descriptor.sql.BasicBinder@main] binding parameter [4] as [VARCHAR] - [Internet] 
2022-02-17 12:18:59.666 TRACE [org.hibernate.type.descriptor.sql.BasicBinder@main] binding parameter [5] as [INTEGER] - [6] 
2022-02-17 12:18:59.679 DEBUG [org.hibernate.SQL@main] insert into consumer (version, user_account_id, company, sector, id) values (?, ?, ?, ?, ?) 
2022-02-17 12:18:59.679 TRACE [org.hibernate.type.descriptor.sql.BasicBinder@main] binding parameter [1] as [INTEGER] - [0] 
2022-02-17 12:18:59.679 TRACE [org.hibernate.type.descriptor.sql.BasicBinder@main] binding parameter [2] as [INTEGER] - [2] 
2022-02-17 12:18:59.680 TRACE [org.hibernate.type.descriptor.sql.BasicBinder@main] binding parameter [3] as [VARCHAR] - [Macarena, Inc.] 
2022-02-17 12:18:59.680 TRACE [org.hibernate.type.descriptor.sql.BasicBinder@main] binding parameter [4] as [VARCHAR] - [Telecommunications] 
2022-02-17 12:18:59.680 TRACE [org.hibernate.type.descriptor.sql.BasicBinder@main] binding parameter [5] as [INTEGER] - [7] 
2022-02-17 12:19:00.867 INFO  [acme.framework.configuration.ShutdownConfiguration@main] The system is shutting down... 
2022-02-17 12:19:00.894 DEBUG [acme.Launcher@main] Exit code = 0 
